This is pdfTeXk, Version 3.141592-1.40.3 (Web2C 7.5.6) (format=pdflatex 2007.11.12)  15 APR 2008 10:09
entering extended mode
 %&-line parsing enabled.
**c:/data/txt/clanky/svn/200804_IJSWWS/apaexample.tex
(c:/data/txt/clanky/svn/200804_IJSWWS/apaexample.tex
LaTeX2e <2005/12/01>
Babel <v3.8h> and hyphenation patterns for english, usenglishmax, dumylang, noh
yphenation, arabic, basque, bulgarian, coptic, welsh, czech, slovak, german, ng
erman, danish, esperanto, spanish, catalan, galician, estonian, farsi, finnish,
 french, greek, monogreek, ancientgreek, croatian, hungarian, interlingua, ibyc
us, indonesian, icelandic, italian, latin, mongolian, dutch, norsk, polish, por
tuguese, pinyin, romanian, russian, slovenian, uppersorbian, serbian, swedish, 
turkish, ukenglish, ukrainian, loaded.
(./apa.cls
Document Class: apa 2006/01/31 American Psychological Association format v1.3.2

(c:/F/txt/TexLive/texmf-dist/tex/latex/base/article.cls
Document Class: article 2005/09/16 v1.4f Standard LaTeX document class
(c:/F/txt/TexLive/texmf-dist/tex/latex/base/size11.clo
File: size11.clo 2005/09/16 v1.4f Standard LaTeX file (size option)
)
\c@part=\count79
\c@section=\count80
\c@subsection=\count81
\c@subsubsection=\count82
\c@paragraph=\count83
\c@subparagraph=\count84
\c@figure=\count85
\c@table=\count86
\abovecaptionskip=\skip41
\belowcaptionskip=\skip42
\bibindent=\dimen102
)
(c:/F/txt/TexLive/texmf-dist/tex/latex/apacite/apacite.sty
Package: apacite 2005/06/08 APA citation
\c@BibCnt=\count87
\bibleftmargin=\skip43
\bibindent=\skip44
\bibparsep=\skip45
\bibitemsep=\skip46
)
\b@level@one@skip=\skip47
\e@level@one@skip=\skip48
\b@level@two@skip=\skip49
\e@level@two@skip=\skip50
\b@level@three@skip=\skip51
\e@level@three@skip=\skip52
\b@level@four@skip=\skip53
\e@level@four@skip=\skip54
\b@level@five@skip=\skip55
\e@level@five@skip=\skip56
\c@APAenum=\count88
\@text@par@indent=\skip57
\gr@box=\box26
\gr@boxwidth=\skip58
\gr@boxheight=\skip59

(c:/F/txt/TexLive/texmf-dist/tex/latex/tools/bm.sty
Package: bm 2004/02/26 v1.1c Bold Symbol Support (DPC/FMi)
\symboldoperators=\mathgroup4
\symboldletters=\mathgroup5
\symboldsymbols=\mathgroup6
LaTeX Font Info:    Redeclaring math alphabet \mathbf on input line 137.
LaTeX Info: Redefining \bm on input line 203.
)
\c@appendix=\count89

(c:/F/txt/TexLive/texmf-dist/tex/latex/ltxmisc/endnotes.sty
\c@endnote=\count90
\endnotesep=\dimen103
\@enotes=\write3
)
(c:/F/txt/TexLive/texmf-dist/tex/latex/endfloat/endfloat.sty
Package: endfloat 1995/10/11 v2.4i LaTeX2e package puts figures and tables at e
nd (jdm)
\c@postfig=\count91
\efloat@postfff=\write4
\@ef@fffopen=\count92
\c@posttbl=\count93
\efloat@postttt=\write5
\@ef@tttopen=\count94

*** Using endfloat.cfg ***
(./endfloat.cfg (c:/F/txt/TexLive/texmf-dist/tex/latex/rotating/rotating.sty
Package: rotating 1997/09/26, v2.13 Rotation package

(c:/F/txt/TexLive/texmf-dist/tex/latex/graphics/graphicx.sty
Package: graphicx 1999/02/16 v1.0f Enhanced LaTeX Graphics (DPC,SPQR)

(c:/F/txt/TexLive/texmf-dist/tex/latex/graphics/keyval.sty
Package: keyval 1999/03/16 v1.13 key=value parser (DPC)
\KV@toks@=\toks14
)
(c:/F/txt/TexLive/texmf-dist/tex/latex/graphics/graphics.sty
Package: graphics 2006/02/20 v1.0o Standard LaTeX Graphics (DPC,SPQR)

(c:/F/txt/TexLive/texmf-dist/tex/latex/graphics/trig.sty
Package: trig 1999/03/16 v1.09 sin cos tan (DPC)
)
(c:/F/txt/TexLive/texmf/tex/latex/config/graphics.cfg
File: graphics.cfg 2007/01/18 v1.5 graphics configuration of teTeX/TeXLive
)
Package graphics Info: Driver file: pdftex.def on input line 90.

(c:/F/txt/TexLive/texmf-dist/tex/latex/pdftex-def/pdftex.def
File: pdftex.def 2007/01/08 v0.04d Graphics/color for pdfTeX
\Gread@gobject=\count95
))
\Gin@req@height=\dimen104
\Gin@req@width=\dimen105
)
(c:/F/txt/TexLive/texmf-dist/tex/latex/base/ifthen.sty
Package: ifthen 2001/05/26 v1.1c Standard LaTeX ifthen package (DPC)
)
\c@r@tfl@t=\count96
\rot@float@box=\box27
)))
\openout4 = `apaexample.fff'.

 (apaexample.fff)
\openout5 = `apaexample.ttt'.


(apaexample.ttt)) (c:/F/txt/TexLive/texmf-dist/tex/latex/base/inputenc.sty
Package: inputenc 2006/05/05 v1.1b Input encoding file
\inpenc@prehook=\toks15
\inpenc@posthook=\toks16

(c:/F/txt/TexLive/texmf-dist/tex/latex/base/cp1250.def
File: cp1250.def 2006/05/05 v1.1b Input encoding file
))
(c:/F/txt/TexLive/texmf-dist/tex/latex/psnfss/times.sty
Package: times 2005/04/12 PSNFSS-v9.2a (SPQR) 
)
(c:/F/txt/TexLive/texmf-dist/tex/latex/graphics/epsfig.sty
Package: epsfig 1999/02/16 v1.7a (e)psfig emulation (SPQR)
\epsfxsize=\dimen106
\epsfysize=\dimen107
) (./apaexample.aux)
\openout1 = `apaexample.aux'.

LaTeX Font Info:    Checking defaults for OML/cmm/m/it on input line 27.
LaTeX Font Info:    ... okay on input line 27.
LaTeX Font Info:    Checking defaults for T1/cmr/m/n on input line 27.
LaTeX Font Info:    ... okay on input line 27.
LaTeX Font Info:    Checking defaults for OT1/cmr/m/n on input line 27.
LaTeX Font Info:    ... okay on input line 27.
LaTeX Font Info:    Checking defaults for OMS/cmsy/m/n on input line 27.
LaTeX Font Info:    ... okay on input line 27.
LaTeX Font Info:    Checking defaults for OMX/cmex/m/n on input line 27.
LaTeX Font Info:    ... okay on input line 27.
LaTeX Font Info:    Checking defaults for U/cmr/m/n on input line 27.
LaTeX Font Info:    ... okay on input line 27.
LaTeX Font Info:    Try loading font information for OT1+ptm on input line 27.

(c:/F/txt/TexLive/texmf-dist/tex/latex/psnfss/ot1ptm.fd
File: ot1ptm.fd 2001/06/04 font definitions for OT1/ptm.
) (./english.apa
File: english.apa 2006/01/01
)
(c:/F/txt/TexLive/texmf-dist/tex/latex/apacite/english.apc
File: english.apc 2005/06/01
)
(c:/F/txt/TexLive/texmf-dist/tex/context/base/supp-pdf.tex
[Loading MPS to PDF converter (version 2006.09.02).]
\scratchcounter=\count97
\scratchdimen=\dimen108
\scratchbox=\box28
\nofMPsegments=\count98
\nofMParguments=\count99
\MPscratchCnt=\count100
\MPscratchDim=\dimen109
\MPnumerator=\count101
\everyMPtoPDFconversion=\toks17
) [1{c:/F/txt/TexLive/texmf-var/fonts/map/pdftex/updmap/pdftex.map}

]
LaTeX Font Info:    Font shape `OT1/ptm/bx/n' in size <10.95> not available
(Font)              Font shape `OT1/ptm/b/n' tried instead on input line 28.
 [2]
LaTeX Font Info:    Try loading font information for OT1+pcr on input line 30.

(c:/F/txt/TexLive/texmf-dist/tex/latex/psnfss/ot1pcr.fd
File: ot1pcr.fd 2001/06/04 font definitions for OT1/pcr.
)
LaTeX Font Info:    External font `cmex10' loaded for size
(Font)              <10.95> on input line 30.
LaTeX Font Info:    External font `cmex10' loaded for size
(Font)              <8> on input line 30.
LaTeX Font Info:    External font `cmex10' loaded for size
(Font)              <6> on input line 30.
\openout3 = `apaexample.ent'.

 (./apaexample.bbl
[3]) [4

] [5] (./apaexample.ent)
AED endfloat: Processing end Figures and Tables [6] (./apaexample.ttt)
(./apaexample.fff) (./apaexample.aux) ) 
Here is how much of TeX's memory you used:
 1860 strings out of 94073
 22949 string characters out of 1164784
 74691 words of memory out of 1500000
 5117 multiletter control sequences out of 10000+50000
 16651 words of font info for 43 fonts, out of 1200000 for 2000
 645 hyphenation exceptions out of 8191
 49i,6n,27p,574b,135s stack positions out of 5000i,500n,6000p,200000b,5000s
{c:/F/txt/TexLive/texmf-dist/fonts/enc/d
vips/base/8r.enc}<c:/F/txt/TexLive/texmf-dist/fonts/type1/urw/courier/ucrr8a.pf
b><c:/F/txt/TexLive/texmf-dist/fonts/type1/urw/times/utmb8a.pfb><c:/F/txt/TexLi
ve/texmf-dist/fonts/type1/urw/times/utmr8a.pfb><c:/F/txt/TexLive/texmf-dist/fon
ts/type1/urw/times/utmri8a.pfb>
Output written on apaexample.pdf (6 pages, 57064 bytes).
PDF statistics:
 38 PDF objects out of 1000 (max. 8388607)
 0 named destinations out of 1000 (max. 131072)
 1 words of extra memory for PDF output out of 10000 (max. 10000000)

