Praha
Bělčice
Bezdědovice
Blatná
Bratronice
Březí
Buzice
Čečelovice
Hajany
Hornosín
Chlum
Chobot
Kadov
Kocelovice
Lažánky
Lažany
Lnáře
Lom
Mačkov
Myštice
Předmíř
Sedlice
Škvořetice
Tchořovice
Uzenice
Uzeničky
Záboří
Adamov
Borek
Borovnice
Boršov nad Vltavou
Bošilec
Branišov
Břehov
Čakov
Čejkovice
České Budějovice
Dasný
Dívčice
Dobrá Voda u Českých Budějovic
Doubravice
Doudleby
Drahotěšice
Dříteň
Dubičné
Dubné
Dynín
Habří
Heřmaň
Hlavatce
Hlincová Hora
Hluboká nad Vltavou
Homole
Hosín
Hradce
Hrdějovice
Hůry
Hvozdec
Chotýčany
Jankov
Jivno
Kamenný Újezd
Komařice
Kvítkovice
Ledenice
Libín
Libníč
Lipí
Lišov
Litvínovice
Mazelov
Mokrý Lom
Mydlovary
Nákří
Nedabyle
Neplachov
Nová Ves
Olešník
Pištín
Planá
Plav
Radošovice
Roudné
Rudolfov
Římov
Sedlec
Srubec
Staré Hodějovice
Strážkovice
Strýčice
Střížov
Ševětín
Štěpánovice
Úsilné
Včelná
Vidov
Vitín
Vlkov
Vrábče
Vráto
Záboří
Zahájí
Závraty
Zliv
Zvíkov
Žabovřesky
Bohdalovice
Boletice
Brloh
Černá v Pošumaví
Český Krumlov
Dolní Třebonín
Frymburk
Holubov
Horní Planá
Hořice na Šumavě
Chlumec
Chvalšiny
Kájov
Křemže
Lipno nad Vltavou
Loučovice
Malšín
Mirkovice
Mojné
Nová Ves
Přední Výtoň
Přídolí
Přísečná
Rožmberk nad Vltavou
Srnín
Světlík
Větřní
Věžovatá Pláně
Vyšší Brod
Zlatá Koruna
Zubčice
Báňovice
Budeč
Budíškovice
Cizkrajov
Červený Hrádek
Český Rudolec
Dačice
Dešná
Dobrohošť
Heřmaneč
Horní Meziříčko
Horní Němčice
Horní Slatina
Hříšice
Kostelní Vydří
Peč
Písečné
Slavonice
Staré Hobzí
Studená
Třebětice
Volfířov
Županovice
Bednárec
Bednáreček
Blažejov
Bořetín
Březina
Číměř
Člunek
Deštná
Dívčí Kopy
Dolní Pěna
Dolní Žďár
Doňov
Drunče
Hadravova Rosička
Hatín
Horní Pěna
Horní Radouň
Horní Skrýchov
Hospříz
Jarošov nad Nežárkou
Jilem
Jindřichův Hradec
Kačlehy
Kamenný Malíkov
Kardašova Řečice
Kostelní Radouň
Kunžak
Lásenice
Lodhéřov
Nová Bystřice
Nová Olešná
Nová Včelnice
Okrouhlá Radouň
Pístina
Plavsko
Pleše
Pluhův Žďár
Polště
Popelín
Příbraz
Ratiboř
Rodvínov
Roseč
Rosička
Staré Město pod Landštejnem
Stráž nad Nežárkou
Strmilov
Střížovice
Světce
Újezdec
Velký Ratmírov
Vícemil
Višňová
Vlčetínec
Vydří
Záhoří
Zahrádky
Žďár
Benešov nad Černou
Besednice
Bujanov
Dolní Dvořiště
Horní Dvořiště
Kaplice
Malonty
Netřebice
Omlenice
Pohorská Ves
Rožmitál na Šumavě
Soběnov
Střítež
Velešín
Zvíkov
Bernartice
Borovany
Božetice
Branice
Hrazany
Hrejkovice
Chyšky
Jetětice
Jickovice
Kostelec nad Vltavou
Kovářov
Křižanov
Kučeř
Květov
Milevsko
Okrouhlá
Osek
Přeborov
Přeštěnice
Sepekov
Stehlovice
Veselíčko
Vlksice
Zbelítov
Zběšičky
Zhoř
Albrechtice nad Vltavou
Boudy
Cerhonice
Čimelice
Čížová
Dobev
Dolní Novosedly
Drhovle
Heřmaň
Horosedly
Kestřany
Kluky
Kožlí
Králova Lhota
Křenovice
Lety
Minice
Mirotice
Mirovice
Mišovice
Myslín
Nerestce
Nevězice
Olešná
Orlík nad Vltavou
Oslov
Ostrovec
Paseky
Písek
Podolí I
Probulov
Protivín
Předotice
Putim
Rakovice
Ražice
Skály
Slabčice
Smetanova Lhota
Tálín
Temešvár
Varvažov
Vlastec
Vojníkov
Vráž
Vrcovice
Záhoří
Zvíkovské Podhradí
Žďár
Babice
Bohunice
Budkov
Bušanovice
Drslavice
Dub
Dvory
Hracholusky
Husinec
Chlumany
Chroboly
Chvalovice
Kratušín
Křišťanov
Ktiš
Lažiště
Lenora
Lhenice
Lipovice
Lužice
Mahouš
Malovice
Mičovice
Nebahovy
Němčice
Netolice
Nová Pec
Olšovice
Pěčnov
Prachatice
Radhostice
Stožec
Strunkovice nad Blanicí
Těšovice
Tvrzice
Újezdec
Vitějovice
Vlachovo Březí
Volary
Záblatí
Zábrdí
Zbytiny
Želnava
Žernovice
Borkovice
Budislav
Dírná
Drahov
Dráchov
Hlavatce
Chotěmice
Katov
Klenovice
Komárov
Mažice
Mezná
Myslkovice
Přehořov
Roudná
Řípec
Sedlečko u Soběslavě
Skalice
Soběslav
Sviny
Třebějice
Tučapy
Val
Vesce
Veselí nad Lužnicí
Vlastiboř
Vlkov
Zálší
Zlukov
Zvěrotice
Žíšov
Cehnice
Čejetice
Čepřovice
Čestice
Doubravice
Drachkov
Drážov
Droužetice
Dřešín
Hlupín
Horní Poříčí
Hoslovice
Hoštice
Chrášťovice
Jinín
Kalenice
Katovice
Kladruby
Kraselov
Krejnice
Krty-Hradec
Kuřimany
Kváskovice
Libětice
Litochovice
Malenice
Mečichov
Milejovice
Miloňovice
Mnichov
Mutěnice
Nebřehovice
Němčice
Němětice
Nihošovice
Nišovice
Nová Ves
Novosedly
Osek
Paračov
Pracejovice
Přední Zborovice
Předslavice
Přechovice
Přešťovice
Radějovice
Radomyšl
Radošovice
Rovná
Řepice
Skály
Slaník
Sousedovice
Strakonice
Strašice
Strunkovice nad Volyňkou
Střelské Hoštice
Štěchovice
Štěkeň
Třebohostice
Třešovice
Úlehle
Únice
Vacovice
Velká Turná
Volenice
Volyně
Zahorčice
Zvotoky
Balkova Lhota
Bečice
Bechyně
Běleč
Borotín
Bradáčov
Březnice
Černýšovice
Dlouhá Lhota
Dobronice u Bechyně
Dolní Hořice
Dolní Hrachovice
Dražice
Dražičky
Drhovice
Haškovcova Lhota
Hlasivo
Hodětín
Hodonice
Chotoviny
Choustník
Chrbonín
Chýnov
Jedlany
Jistebnice
Košice
Košín
Krátošice
Krtov
Libějice
Lom
Malšice
Meziříčí
Mladá Vožice
Mlýny
Nadějkov
Nasavrky
Nemyšl
Nová Ves u Chýnova
Nová Ves u Mladé Vožice
Oldřichov
Opařany
Planá nad Lužnicí
Pohnánec
Pohnání
Pojbuky
Psárov
Radenín
Radětice
Radimovice u Tábora
Radimovice u Želče
Radkov
Rataje
Ratibořské Hory
Rodná
Řemíčov
Řepeč
Sezimovo Ústí
Skopytce
Skrýchov u Malšic
Slapsko
Slapy
Smilovy Hory
Stádlec
Sudoměřice u Bechyně
Sudoměřice u Tábora
Svrabov
Šebířov
Tábor
Turovec
Ústrašice
Vilice
Vlčeves
Vodice
Zadní Střítež
Záhoří
Zhoř u Mladé Vožice
Zhoř u Tábora
Želeč
Borovany
Čížkrajice
Horní Stropnice
Hranice
Jílovice
Kamenná
Ločenice
Mladošovice
Nové Hrady
Olešnice
Ostrolovský Újezd
Petříkov
Slavče
Svatý Jan nad Malší
Trhové Sviny
Žár
Cep
České Velenice
Domanín
Dunajovice
Dvory nad Lužnicí
Frahelž
Halámky
Hamr
Hrachoviště
Chlum u Třeboně
Klec
Lomnice nad Lužnicí
Lužnice
Majdalena
Nová Ves nad Lužnicí
Novosedly nad Nežárkou
Ponědraž
Ponědrážka
Rapšach
Smržov
Staňkov
Stříbřec
Suchdol nad Lužnicí
Třeboň
Záblatí
Bečice
Čenkov u Bechyně
Dobšice
Dolní Bukovsko
Dražíč
Hartmanice
Horní Kněžeklady
Hosty
Chrášťany
Modrá Hůrka
Temelín
Týn nad Vltavou
Všemyslice
Žimutice
Bohumilice
Borová Lada
Bošice
Buk
Čkyně
Horní Vltavice
Kubova Huť
Kvilda
Lčovice
Nicov
Nové Hutě
Stachy
Strážný
Svatá Maří
Šumavské Hoštice
Vacov
Vimperk
Vrbice
Zálezly
Zdíkov
Žárovná
Bavorov
Bílsko
Budyně
Číčenice
Drahonice
Hájek
Chelčice
Krajníčko
Krašlovice
Libějovice
Měkynec
Pivkovice
Pohorovice
Skočice
Stožice
Truskovice
Vodňany
Adamov
Blansko
Bořitov
Brťov-Jeneč
Bukovina
Bukovinka
Býkovice
Černá Hora
Dlouhá Lhota
Doubravice nad Svitavou
Habrůvka
Holštejn
Jedovnice
Kotvrdovice
Krasová
Křtiny
Kulířov
Kuničky
Lažany
Lipovec
Lipůvka
Lubě
Malá Lhota
Milonice
Olomučany
Ostrov u Macochy
Petrovice
Rájec-Jestřebí
Ráječko
Rudice
Senetářov
Sloup
Spešov
Svinošice
Šebrov-Kateřina
Šošůvka
Újezd u Černé Hory
Vavřinec
Vilémovice
Vysočany
Závist
Žďár
Žernovník
Bedřichov
Benešov
Borotín
Boskovice
Cetkovice
Crhov
Černovice
Deštná
Drnovice
Hodonín
Horní Poříčí
Horní Smržov
Chrudichromy
Jabloňany
Kněževes
Knínice u Boskovic
Kořenec
Kozárov
Krhov
Křetín
Křtěnov
Kunčina Ves
Kunice
Kunštát
Lazinov
Letovice
Lhota Rapotina
Lhota u Lysic
Lhota u Olešnice
Louka
Ludíkov
Lysice
Makov
Malá Roudka
Míchov
Němčice
Nýrov
Obora
Okrouhlá
Olešnice
Pamětice
Petrov
Prostřední Poříčí
Roubanina
Rozseč nad Kunštátem
Rozsíčka
Sebranice
Skalice nad Svitavou
Skrchov
Stvolová
Sudice
Suchý
Sulíkov
Světlá
Svitávka
Šebetov
Štěchov
Tasovice
Uhřice
Újezd u Boskovic
Úsobrno
Ústup
Valchov
Vanovice
Vážany
Velenov
Velké Opatovice
Vísky
Voděrady
Vranová
Zbraslavec
Žďárná
Žerůtky
Brno
Břeclav
Bulhary
Hlohovec
Hrušky
Kostice
Ladná
Lanžhot
Lednice
Moravská Nová Ves
Moravský Žižkov
Podivín
Přítluky
Rakvice
Tvrdonice
Týnec
Valtice
Velké Bílovice
Zaječí
Bohaté Málkovice
Brankovice
Bučovice
Dobročkovice
Dražovice
Chvalkovice
Kojátky
Kožušice
Křižanovice
Letonice
Malínky
Milonice
Mouřínov
Nemochovice
Nemotice
Nesovice
Nevojice
Rašovice
Snovídky
Uhřice
Čejč
Čejkovice
Dolní Bojanovice
Dubňany
Hodonín
Josefov
Karlín
Lužice
Mikulčice
Mutěnice
Nový Poddvorov
Petrov
Prušánky
Ratíškovice
Rohatec
Starý Poddvorov
Sudoměřice
Terezín
Boleradice
Borkovany
Bořetice
Brumovice
Diváky
Horní Bojanovice
Hustopeče
Kašnice
Klobouky u Brna
Kobylí
Krumvíř
Křepice
Kurdějov
Morkůvky
Němčičky
Nikolčice
Popice
Pouzdřany
Starovice
Starovičky
Strachotín
Šakvice
Šitbořice
Uherčice
Velké Hostěrádky
Velké Němčice
Velké Pavlovice
Vrbice
Biskoupky
Čučice
Dolní Kounice
Hlína
Ivančice
Ketkovice
Kupařovice
Mělčany
Moravské Bránice
Němčičky
Neslovice
Nová Ves
Nové Bránice
Oslavany
Pravlov
Senorady
Trboušany
Čebín
Česká
Hvozdec
Chudčice
Jinačovice
Kuřim
Lelekovice
Moravské Knínice
Rozdrojovice
Veverská Bítýška
Archlebov
Bukovany
Bzenec
Čeložnice
Dambořice
Domanín
Dražůvky
Hovorany
Hýsly
Ježov
Kelčany
Kostelec
Kyjov
Labuty
Lovčice
Milotice
Moravany
Mouchnice
Násedlovice
Nechvalín
Nenkovice
Ostrovánky
Skalka
Skoronice
Sobůlky
Stavěšice
Strážovice
Svatobořice-Mistřín
Syrovín
Šardice
Těmice
Uhřice
Vacenovice
Věteřov
Vlkoš
Vracov
Vřesovice
Žádovice
Žarošice
Ždánice
Želetice
Žeravice
Bavory
Brod nad Dyjí
Březí
Dobré Pole
Dolní Dunajovice
Dolní Věstonice
Drnholec
Horní Věstonice
Jevišovka
Klentnice
Mikulov
Milovice
Novosedly
Nový Přerov
Pavlov
Perná
Sedlec
Bohutice
Čermákovice
Damnice
Dobelice
Dobřínsko
Dolenice
Dolní Dubňany
Džbánice
Horní Dubňany
Horní Kounice
Hostěradice
Jamolice
Jezeřany-Maršovice
Jiřice u Miroslavi
Kadov
Kubšice
Lesonice
Miroslav
Miroslavské Knínice
Moravský Krumlov
Našiměřice
Olbramovice
Petrovice
Rešice
Rybníky
Skalice
Suchohrdly u Miroslavi
Tavíkovice
Trnové Pole
Trstěnice
Tulešice
Vedrovice
Vémyslice
Branišovice
Cvrčovice
Ivaň
Loděnice
Malešovice
Odrovice
Pasohlávky
Pohořelice
Přibice
Šumice
Troskotovice
Vlasatice
Vranovice
Babice u Rosic
Domašov
Javůrek
Kratochvilka
Lesní Hluboké
Litostrov
Lukovany
Ostrovačice
Příbram na Moravě
Přibyslavice
Rosice
Rudka
Říčany
Říčky
Stanoviště
Tetčice
Újezd u Rosic
Veverské Knínice
Vysoké Popovice
Zakřany
Zálesná Zhoř
Zastávka
Zbraslav
Zbýšov
Bošovice
Heršpice
Hodějice
Holubice
Hostěrádky-Rešov
Hrušky
Kobeřice u Brna
Křenovice
Lovčičky
Milešovice
Němčany
Nížkovice
Otnice
Slavkov u Brna
Šaratice
Vážany nad Litavou
Velešovice
Zbýšov
Babice nad Svitavou
Bílovice nad Svitavou
Blažovice
Březina (dříve okres Blansko)
Hajany
Hostěnice
Jiříkovice
Kanice
Kobylnice
Kovalovice
Modřice
Mokrá-Horákov
Moravany
Nebovidy
Ochoz u Brna
Omice
Ořechov
Ostopovice
Podolí
Ponětovice
Popůvky
Pozořice
Prace
Prštice
Radostice
Rebešovice
Řícmanice
Silůvky
Sivice
Sokolnice
Střelice
Šlapanice
Telnice
Troubsko
Tvarožná
Újezd u Brna
Velatice
Viničné Šumice
Vranov
Želešice
Běleč
Borač
Borovník
Braníškov
Brumov
Březina (dříve okres Tišnov)
Bukovice
Černvír
Deblín
Dolní Loučky
Doubravník
Drahonín
Drásov
Heroltice
Hluboké Dvory
Horní Loučky
Hradčany
Kaly
Katov
Křižínkov
Kuřimská Nová Ves
Kuřimské Jestřabí
Lažánky
Lomnice
Lomnička
Lubné
Malhostovice
Maršov
Nedvědice
Nelepeč-Žernůvka
Níhov
Ochoz u Tišnova
Olší
Osiky
Pernštejnské Jestřabí
Předklášteří
Rašov
Rohozec
Rojetín
Řikonín
Sentice
Skalička
Skryje
Strhaře
Svatoslav
Synalov
Šerkovice
Štěpánovice
Tišnov
Tišnovská Nová Ves
Újezd u Tišnova
Unín
Úsuší
Vohančice
Vratislávka
Všechovice
Zhoř
Žďárec
Železné
Blatnice pod Svatým Antonínkem
Blatnička
Hroznová Lhota
Hrubá Vrbka
Javorník
Kněždub
Kozojídky
Kuželov
Lipov
Louka
Malá Vrbka
Moravský Písek
Nová Lhota
Radějov
Strážnice
Suchov
Tasov
Tvarožná Lhota
Velká nad Veličkou
Veselí nad Moravou
Vnorovy
Žeraviny
Bohdalice-Pavlovice
Březina
Dětkovice
Drnovice
Drysice
Habrovany
Hlubočany
Hoštice-Heroltice
Hvězdlice
Ivanovice na Hané
Ježkovice
Komořany
Kozlany
Krásensko
Křižanovice u Vyškova
Kučerov
Luleč
Lysovice
Medlovice
Moravské Málkovice
Nemojany
Nové Sady
Olšany
Orlovice
Podbřežice
Podivice
Podomí
Prusy-Boškůvky
Pustiměř
Račice-Pístovice
Radslavice
Rostěnice-Zvonovice
Rousínov
Ruprechtov
Rybníček
Studnice
Švábenice
Topolany
Tučapy
Vážany
Vyškov
Zelená Hora
Bantice
Běhařovice
Bezkov
Bítov
Blanné
Blížkovice
Bojanovice
Borotice
Boskovštejn
Božice
Břežany
Citonice
Ctidružice
Čejkovice
Černín
Dobšice
Dyjákovice
Dyjákovičky
Dyje
Grešlové Mýto
Havraníky
Hevlín
Hluboké Mašůvky
Hnanice
Hodonice
Horní Břečkov
Horní Dunajovice
Hostim
Hrabětice
Hrádek
Hrušovany nad Jevišovkou
Chvalatice
Chvalovice
Jaroslavice
Jevišovice
Jiřice u Moravských Budějovic
Korolupy
Kravsko
Krhovice
Křepice
Křídlůvky
Kuchařovice
Kyjovice
Lančov
Lechovice
Lesná
Litobratřice
Lubnice
Lukov
Mackovice
Mašovice
Medlice
Mikulovice
Milíčovice
Morašice
Němčičky
Nový Šaldorf-Sedlešovice
Olbramkostel
Oleksovice
Onšov
Oslnovice
Pavlice
Plaveč
Plenkovice
Podhradí nad Dyjí
Podmolí
Podmyče
Práče
Pravice
Prokopov
Prosiměřice
Přeskače
Rozkoš
Rudlice
Slatina
Slup
Stálky
Starý Petřín
Stošíkovice na Louce
Strachotice
Střelice
Suchohrdly
Šafov
Šanov
Šatov
Štítary
Šumná
Tasovice
Těšetice
Tvořihráz
Uherčice
Újezd
Únanov
Valtrovice
Velký Karlov
Vevčice
Višňové
Vítonice
Vracovice
Vranov nad Dyjí
Vranovská Ves
Vratěnín
Vrbovec
Výrovice
Vysočany
Zálesí
Zblovice
Znojmo
Želetice
Žerotice
Žerůtky
Blučina
Bratčice
Holasice
Hrušovany u Brna
Ledce
Medlov
Měnín
Moutnice
Nesvačilka
Nosislav
Opatovice
Otmarov
Popovice
Přísnotice
Rajhrad
Rajhradice
Sobotovice
Syrovice
Těšany
Unkovice
Vojkovice
Žabčice
Žatčany
Židlochovice
Aš
Hazlov
Hranice
Krásná
Podhradí
Dolní Žandov
Františkovy Lázně
Cheb
Křižovatka
Libá
Lipová
Luby
Milhostov
Milíkov
Nebanice
Nový Kostel
Odrava
Okrouhlá
Plesná
Pomezí nad Ohří
Poustka
Skalná
Třebeň
Tuřany
Velký Luh
Vojtanov
Andělská Hora
Bečov nad Teplou
Bochov
Božičany
Březová
Černava
Čichalov
Dalovice
Děpoltovice
Hory
Hradiště
Chodov
Chyše
Jenišov
Karlovy Vary
Kolová
Krásné Údolí
Kyselka
Mírová
Nejdek
Nová Role
Nové Hamry
Otovice
Otročín
Pila
Pšov
Sadov
Smolné Pece
Stanovice
Stružná
Šemnice
Štědrá
Teplička
Toužim
Útvina
Valeč
Verušičky
Vrbice
Vysoká Pec
Žlutice
Bublava
Jindřichovice
Kraslice
Oloví
Přebuz
Rotava
Stříbrná
Šindelová
Drmoul
Lázně Kynžvart
Mariánské Lázně
Mnichov
Ovesné Kladruby
Prameny
Stará Voda
Teplá
Trstěnice
Tři Sekery
Valy
Velká Hleďsebe
Vlkovice
Zádub-Závišín
Abertamy
Boží Dar
Hájek
Horní Blatná
Hroznětín
Jáchymov
Krásný Les
Merklín
Ostrov
Pernink
Potůčky
Stráž nad Ohří
Velichov
Vojkovice
Březová
Bukovany
Citice
Dasnice
Dolní Nivy
Dolní Rychnov
Habartov
Horní Slavkov
Chlum Svaté Maří
Chodov
Josefov
Kaceřov
Krajková
Královské Poříčí
Krásno
Kynšperk nad Ohří
Libavské Údolí
Loket
Lomnice
Nová Ves
Nové Sedlo
Rovná
Sokolov
Staré Sedlo
Svatava
Šabina
Tatrovice
Těšovice
Vintířov
Vřesová
Adršpach
Božanov
Broumov
Hejtmánkovice
Heřmánkovice
Hynčice
Jetřichov
Křinice
Martínkovice
Meziměstí
Otovice
Šonov
Teplice nad Metují
Vernéřovice
Bačetín
Bohdašín
Bystré
České Meziříčí
Deštné v Orlických horách
Dobré
Dobruška
Dobřany
Chlístov
Janov
Kounov
Králova Lhota
Mokré
Očelice
Ohnišov
Olešnice v Orlických horách
Opočno
Podbřezí
Pohoří
Přepychy
Rohenice
Sedloňov
Semechnice
Sněžné
Trnov
Val
Bílá Třemešná
Bílé Poličany
Borovnice
Borovnička
Dolní Brusnice
Doubravice
Dubenec
Dvůr Králové nad Labem
Horní Brusnice
Hřibojedy
Choustníkovo Hradiště
Kocbeře
Kohoutov
Kuks
Lanžov
Libotov
Litíč
Mostek
Nemojov
Stanovice
Trotina
Třebihošť
Velký Vřešťov
Vilantice
Vítězná
Vlčkovice v Podkrkonoší
Zábřezí-Řečice
Zdobín
Bašnice
Bílsko u Hořic
Boháňka
Borek
Bříšťany
Cerekvice nad Bystřicí
Červená Třemešná
Dobrá Voda u Hořic
Holovousy
Hořice
Chomutice
Jeřice
Lískovice
Lukavec u Hořic
Miletín
Milovice u Hořic
Nevratice
Ostroměř
Petrovičky
Podhorní Újezd a Vojice
Rašín
Rohoznice
Sobčice
Staré Smrkovice
Sukorady
Tetín
Třebnouševes
Úhlejov
Vřesník
Běleč nad Orlicí
Benátky
Blešno
Boharyně
Černilov
Černožice
Čistěves
Divec
Dobřenice
Dohalice
Dolní Přím
Habřina
Hněvčeves
Holohlavy
Hořiněves
Hradec Králové
Hrádek
Hvozdnice
Chlumec nad Cidlinou
Chudeřice
Jeníkovice
Jílovice
Káranice
Klamoš
Kosice
Kosičky
Kratonohy
Kunčice
Ledce
Lejšovka
Lhota pod Libčany
Libčany
Libníkovice
Librantice
Libřice
Lišice
Lodín
Lochenice
Lovčice
Lužany
Máslojedy
Mokrovousy
Mžany
Neděliště
Nechanice
Nové Město
Obědovice
Olešnice
Osice
Osičky
Písek
Praskačka
Předměřice nad Labem
Převýšov
Pšánky
Puchlovice
Račice nad Trotinou
Radíkovice
Radostov
Roudnice
Sadová
Sendražice
Skalice
Smiřice
Smržov
Sovětice
Stará Voda
Stěžery
Stračov
Střezetice
Světí
Syrovátka
Těchlovice
Třebechovice pod Orebem
Třesovice
Urbanice
Vrchovnice
Všestary
Výrava
Vysoká nad Labem
Vysoký Újezd
Dolany
Heřmanice
Hořenice
Chvalkovice
Jaroměř
Jasenná
Nový Ples
Rasošky
Rožnov
Rychnovek
Šestajovice
Velichovky
Velký Třebešov
Vlkov
Zaloňov
Bačalky
Běchary
Brada-Rybníček
Březina
Budčeves
Bukvice
Butoves
Bystřice
Češov
Dětenice
Dílce
Dolní Lochov
Dřevěnice
Holín
Cholenice
Choteč
Chyjice
Jičín
Jičíněves
Jinolice
Kacákova Lhota
Kbelnice
Kněžnice
Konecchlumí
Kopidlno
Kostelec
Kovač
Kozojedy
Kyje
Lázně Bělohrad
Libáň
Libošovice
Libuň
Lužany
Markvartice
Mladějov
Mlázovice
Nemyčeves
Ohařice
Ohaveč
Osek
Ostružno
Podhradí
Podůlší
Radim
Rokytňany
Samšina
Sběř
Sedliště
Sekeřice
Slatiny
Slavhostice
Soběraz
Sobotka
Staré Hrady
Staré Místo
Střevač
Svatojanský Újezd
Šárovcova Lhota
Třtěnice
Tuř
Údrnice
Újezd pod Troskami
Úlibice
Valdice
Veliš
Vitiněves
Volanice
Vrbice
Vršce
Vysoké Veselí
Zámostí-Blata
Zelenecká Lhota
Železnice
Žeretice
Židovice
Žlunice
Albrechtice nad Orlicí
Bolehošť
Borohrádek
Borovnice
Častolovice
Čermná nad Orlicí
Čestice
Doudleby nad Orlicí
Hřibiny-Ledská
Chleny
Kostelec nad Orlicí
Kostelecké Horky
Krchleby
Lípa nad Orlicí
Nová Ves
Olešnice
Svídnice
Tutleky
Týniště nad Orlicí
Vrbice
Zdelov
Žďár nad Orlicí
Bezděkov nad Metují
Borová
Brzice
Bukovice
Červená Hora
Červený Kostelec
Česká Čermná
Česká Metuje
Česká Skalice
Dolní Radechová
Horní Radechová
Hořičky
Hronov
Kramolna
Lhota pod Hořičkami
Litoboř
Machov
Mezilečí
Náchod
Nový Hrádek
Police nad Metují
Říkov
Slatina nad Úpou
Stárkov
Studnice
Suchý Důl
Velká Jesenice
Velké Petrovice
Velké Poříčí
Vestec
Vysoká Srbská
Vysokov
Zábrodí
Žďár nad Metují
Žďárky
Žernov
Nová Paka
Pecka
Stará Paka
Úbislavice
Vidochov
Bohuslavice
Černčice
Jestřebí
Libchyně
Mezilesí
Nahořany
Nové Město nad Metují
Provodov-Šonov
Přibyslav
Sendraž
Slavětín nad Metují
Slavoňov
Vršovka
Babice
Barchov
Hlušice
Humburky
Kobylice
Králíky
Lužec nad Cidlinou
Měník
Mlékosrby
Myštěves
Nepolisy
Nový Bydžov
Ohnišťany
Petrovice
Prasek
Skřivany
Sloupno
Smidary
Starý Bydžov
Šaplava
Vinary
Zachrašťany
Zdechovice
Bartošovice v Orlických horách
Bílý Újezd
Byzhradec
Černíkovice
Jahodov
Javornice
Kvasiny
Lhoty u Potštejna
Libel
Liberk
Lično
Lukavice
Lupenice
Orlické Záhoří
Osečnice
Pěčín
Polom
Potštejn
Proruby
Rokytnice v Orlických horách
Rybná nad Zdobnicí
Rychnov nad Kněžnou
Říčky v Orlických horách
Skuhrov nad Bělou
Slatina nad Zdobnicí
Solnice
Synkov-Slemeno
Třebešov
Vamberk
Voděrady
Záměl
Zdobnice
Batňovice
Bernartice
Dolní Olešnice
Hajnice
Havlovice
Horní Maršov
Horní Olešnice
Chotěvice
Chvaleč
Janské Lázně
Jívka
Královec
Lampertice
Libňatov
Malá Úpa
Malé Svatoňovice
Maršov u Úpice
Mladé Buky
Pec pod Sněžkou
Pilníkov
Radvanice
Rtyně v Podkrkonoší
Staré Buky
Suchovršice
Svoboda nad Úpou
Trutnov
Úpice
Velké Svatoňovice
Vlčice
Zlatá Olešnice
Žacléř
Čermná
Černý Důl
Dolní Branná
Dolní Dvůr
Dolní Kalná
Dolní Lánov
Horní Kalná
Hostinné
Klášterská Lhota
Kunčice nad Labem
Lánov
Prosečné
Rudník
Strážné
Špindlerův Mlýn
Vrchlabí
Bezděz
Blatce
Blíževedly
Bohatice
Brniště
Česká Lípa
Doksy
Dubá
Dubnice
Hamr na Jezeře
Holany
Horní Libchava
Horní Police
Chlum
Jestřebí
Kozly
Kravaře
Kvítkov
Luka
Mimoň
Noviny pod Ralskem
Nový Oldřichov
Okna
Pertoltice pod Ralskem
Provodín
Ralsko
Skalka u Doks
Sosnová
Stráž pod Ralskem
Stružnice
Stvolínky
Tachov
Tuhaň
Velenice
Velký Valtinov
Volfartice
Vrchovany
Zahrádky
Zákupy
Žandov
Ždírec
Bílý Potok
Bulovka
Černousy
Dětřichov
Dolní Řasnice
Frýdlant
Habartice
Hejnice
Heřmanice
Horní Řasnice
Jindřichovice pod Smrkem
Krásný Les
Kunratice
Lázně Libverda
Nové Město pod Smrkem
Pertoltice
Raspenava
Višňová
Bedřichov
Dalešice
Jablonec nad Nisou
Janov nad Nisou
Josefův Důl
Lučany nad Nisou
Maršovice
Nová Ves nad Nisou
Pulečný
Rádlo
Rychnov u Jablonce nad Nisou
Benecko
Bukovina u Čisté
Čistá u Horek
Horka u Staré Paky
Horní Branná
Jablonec nad Jizerou
Jestřabí v Krkonoších
Jilemnice
Kruh
Levínská Olešnice
Martinice v Krkonoších
Mříčná
Paseky nad Jizerou
Peřimov
Poniklá
Rokytnice nad Jizerou
Roztoky u Jilemnice
Studenec
Svojek
Víchová nad Jizerou
Vítkovice
Bílá
Bílý Kostel nad Nisou
Cetenov
Český Dub
Dlouhý Most
Hlavice
Hodkovice nad Mohelkou
Hrádek nad Nisou
Chotyně
Chrastava
Jablonné v Podještědí
Janovice v Podještědí
Janův Důl
Jeřmanice
Kryštofovo Údolí
Křižany
Liberec
Mníšek
Nová Ves
Oldřichov v Hájích
Osečná
Proseč pod Ještědem
Rynoltice
Stráž nad Nisou
Světlá pod Ještědem
Šimonovice
Všelibice
Zdislava
Cvikov
Chotovice
Kamenický Šenov
Krompach
Kunratice u Cvikova
Mařenice
Nový Bor
Okrouhlá
Polevsko
Prysk
Radvanec
Skalice u České Lípy
Sloup v Čechách
Slunečná
Svojkov
Svor
Bělá
Benešov u Semil
Bozkov
Bradlecká Lhota
Bystrá nad Jizerou
Háje nad Jizerou
Chuchelna
Jesenný
Košťálov
Libštát
Lomnice nad Popelkou
Nová Ves nad Popelkou
Příkrý
Roprachtice
Roztoky u Semil
Semily
Slaná
Stružinec
Syřenov
Veselá
Vysoké nad Jizerou
Záhoří
Albrechtice v Jizerských horách
Desná
Harrachov
Jiřetín pod Bukovou
Kořenov
Plavy
Smržovka
Tanvald
Velké Hamry
Zlatá Olešnice
Čtveřín
Frýdštejn
Holenice
Hrubá Skála
Jenišovice
Kacanovy
Karlovice
Klokočí
Kobyly
Ktová
Lažany
Loučky
Malá Skála
Mírová pod Kozákovem
Modřišice
Ohrazenice
Olešnice
Paceřice
Pěnčín
Přepeře
Příšovice
Radimovice
Radostná pod Kozákovem
Rakousy
Rovensko pod Troskami
Soběslavice
Svijanský Újezd
Svijany
Sychrov
Tatobity
Troskovice
Turnov
Vlastibořice
Všeň
Vyskeř
Žďárek
Žernov
Držkov
Jílové u Držkova
Koberovy
Líšný
Loužnice
Pěnčín
Radčice
Skuhrov
Vlastiboř
Zásada
Železný Brod
Albrechtičky
Bílov
Bílovec
Bítov
Bravantice
Jistebník
Kujavy
Pustějov
Slatina
Studénka
Tísek
Velké Albrechtice
Bohumín
Rychvald
Andělská Hora
Bílčice
Bruntál
Dětřichov nad Bystřicí
Dlouhá Stráň
Dvorce
Horní Benešov
Horní Životice
Karlova Studánka
Karlovice
Křišťanovice
Leskovec nad Moravicí
Lomnice
Ludvíkov
Mezina
Milotice nad Opavou
Moravskoslezský Kočov
Nová Pláň
Nové Heřminovy
Oborná
Razová
Roudno
Rudná pod Pradědem
Staré Heřminovy
Staré Město
Světlá Hora
Svobodné Heřmanice
Široká Niva
Václavov u Bruntálu
Valšov
Vrbno pod Pradědem
Český Těšín
Chotěbuz
Bordovice
Frenštát pod Radhoštěm
Lichnov
Tichá
Trojanovice
Veřovice
Baška
Brušperk
Bruzovice
Dobrá
Dobratice
Dolní Domaslavice
Dolní Tošanovice
Fryčovice
Frýdek-Místek
Horní Domaslavice
Horní Tošanovice
Hukvaldy
Kaňovice
Kozlovice
Krásná
Krmelín
Lhotka
Lučina
Morávka
Nižní Lhoty
Nošovice
Palkovice
Paskov
Pazderna
Pražmo
Raškovice
Řepiště
Sedliště
Soběšovice
Staré Město
Staříč
Sviadnov
Třanovice
Vojkovice
Vyšní Lhoty
Žabeň
Žermanice
Bílá
Čeladná
Frýdlant nad Ostravicí
Janovice
Kunčice pod Ondřejníkem
Malenovice
Metylovice
Ostravice
Pržno
Pstruží
Staré Hamry
Albrechtice
Havířov
Horní Bludovice
Horní Suchá
Těrlicko
Bělá
Bohuslavice
Darkovice
Děhylov
Dobroslavice
Dolní Benešov
Hať
Hlučín
Kozmice
Ludgeřovice
Markvartovice
Píšť
Šilheřovice
Vřesina
Závada
Bocanovice
Bukovec
Dolní Lomná
Horní Lomná
Hrádek
Hrčava
Jablunkov
Milíkov
Mosty u Jablunkova
Návsí
Písečná
Písek
Dětmarovice
Karviná
Petrovice u Karviné
Stonava
Kateřinice
Kopřivnice
Mošnov
Petřvald
Příbor
Skotnice
Štramberk
Trnávka
Závišice
Ženklava
Bolatice
Chuchelná
Kobeřice
Kravaře
Rohov
Strahovice
Sudice
Štěpánkovice
Třebom
Bohušov
Brantice
Býkov-Láryšov
Čaková
Dívčí Hrad
Heřmanovice
Hlinka
Holčovice
Hošťálkovy
Janov
Jindřichov
Krasov
Krnov
Lichnov
Liptaň
Město Albrechtice
Osoblaha
Petrovice
Rusín
Slezské Pavlovice
Slezské Rudoltice
Třemešná
Úvalno
Vysoká
Zátor
Bartošovice
Bernartice nad Odrou
Hladké Životice
Hodslavice
Hostašovice
Jeseník nad Odrou
Kunín
Libhošť
Mořkov
Nový Jičín
Rybí
Sedlnice
Starý Jičín
Suchdol nad Odrou
Šenov u Nového Jičína
Životice u Nového Jičína
Fulnek
Heřmanice u Oder
Heřmánky
Jakubčovice nad Odrou
Luboměř
Mankovice
Odry
Spálov
Vražné
Vrchy
Branka u Opavy
Bratříkovice
Brumovice
Budišovice
Dolní Životice
Háj ve Slezsku
Hlavnice
Hlubočec
Hněvošice
Holasovice
Hrabyně
Hradec nad Moravicí
Chlebičov
Chvalíkovice
Jakartovice
Jezdkovice
Kyjovice
Lhotka u Litultovic
Litultovice
Mikolajice
Mladecko
Mokré Lazce
Neplachovice
Nové Sedlice
Oldřišov
Opava
Otice
Pustá Polom
Raduň
Skřipov
Slavkov
Služovice
Sosnová
Stěbořice
Štáblovice
Štítina
Těškovice
Uhlířov
Velké Heraltice
Velké Hoštice
Vršovice
Dolní Lutyně
Doubrava
Orlová
Petřvald
Čavisov
Dolní Lhota
Horní Lhota
Klimkovice
Olbramice
Ostrava
Stará Ves nad Ondřejnicí
Šenov
Václavovice
Velká Polom
Vratimov
Vřesina
Zbyslavice
Břidličná
Dolní Moravice
Horní Město
Jiříkov
Malá Morávka
Malá Štáhle
Rýmařov
Ryžoviště
Stará Ves
Tvrdkov
Velká Štáhle
Bystřice
Hnojník
Komorní Lhotka
Košařiska
Nýdek
Ropice
Řeka
Smilovice
Střítež
Třinec
Vělopolí
Vendryně
Březová
Budišov nad Budišovkou
Čermná ve Slezsku
Kružberk
Melč
Moravice
Nové Lublice
Radkov
Staré Těchanovice
Svatoňovice
Větřkovice
Vítkov
Bělotín
Býškovice
Černotín
Dolní Těšice
Horní Těšice
Horní Újezd
Hrabůvka
Hranice
Hustopeče nad Bečvou
Jindřichov
Klokočí
Malhotice
Milenov
Milotice nad Bečvou
Olšovec
Opatovice
Paršovice
Partutovice
Polom
Potštát
Provodovice
Radíkov
Rakov
Rouské
Skalička
Střítež nad Ludinou
Špičky
Teplice nad Bečvou
Ústí
Všechovice
Zámrsky
Bělá pod Pradědem
Bernartice
Bílá Voda
Černá Voda
Česká Ves
Hradec-Nová Ves
Javorník
Jeseník
Kobylá nad Vidnavkou
Lipová-lázně
Mikulovice
Ostružná
Písečná
Skorošice
Stará Červená Voda
Supíkovice
Uhelná
Vápenná
Velká Kraš
Velké Kunětice
Vidnava
Vlčice
Zlaté Hory
Žulová
Bohuslavice
Brodek u Konice
Březsko
Budětsko
Dzbel
Hačky
Horní Štěpánov
Hvozd
Jesenec
Kladky
Konice
Lipová
Ludmírov
Ochoz
Polomí
Raková u Konice
Rakůvka
Skřípov
Stražisko
Suchdol
Šubířov
Bohuslávky
Dolní Nětčice
Dolní Újezd
Hlinsko
Horní Nětčice
Jezernice
Kladníky
Lhota
Lipník nad Bečvou
Osek nad Bečvou
Radotín
Soběchleby
Týn nad Bečvou
Veselíčko
Bílá Lhota
Bílsko
Bouzov
Červenka
Dubčany
Haňovice
Cholina
Litovel
Loučka
Luká
Měrotín
Mladeč
Náklo
Olbramice
Pňovice
Senice na Hané
Senička
Slavětín
Střeň
Vilémov
Klopina
Krchleby
Líšnice
Loštice
Maletín
Mírov
Mohelnice
Moravičany
Palonín
Pavlov
Police
Stavenice
Třeština
Úsov
Bělkovice-Lašťany
Blatec
Bohuňovice
Bukovany
Bystročice
Bystrovany
Daskabát
Dolany
Doloplazy
Drahanovice
Dub nad Moravou
Grygov
Hlubočky
Hlušovice
Hněvotín
Horka nad Moravou
Charváty
Kožušany-Tážaly
Krčmaň
Křelov-Břuchotín
Libavá
Liboš
Loučany
Luběnice
Lutín
Majetín
Mrsklesy
Náměšť na Hané
Olomouc
Přáslavice
Příkazy
Samotišky
Skrbeň
Slatinice
Suchonice
Svésedlice
Štěpánov
Těšetice
Tovéř
Tršice
Ústín
Velká Bystřice
Velký Týnec
Velký Újezd
Věrovany
Alojzov
Bedihošť
Bílovice-Lutotín
Biskupice
Bousín
Brodek u Prostějova
Buková
Čehovice
Čechy pod Kosířem
Čelčice
Čelechovice na Hané
Dětkovice
Dobrochov
Dobromilice
Doloplazy
Drahany
Držovice
Dřevnovice
Hluchov
Hradčany-Kobeřice
Hrdibořice
Hrubčice
Hruška
Ivaň
Klenovice na Hané
Klopotovice
Kostelec na Hané
Koválovice-Osíčany
Kralice na Hané
Krumsín
Laškov
Lešany
Malé Hradisko
Mořice
Mostkovice
Myslejovice
Němčice nad Hanou
Nezamyslice
Niva
Obědkovice
Ohrozim
Olšany u Prostějova
Ondratice
Otaslavice
Otinoves
Pavlovice u Kojetína
Pěnčín
Pivín
Plumlov
Prostějov
Prostějovičky
Protivanov
Přemyslovice
Ptení
Rozstání
Seloutky
Skalka
Slatinky
Smržice
Srbce
Stařechovice
Stínava
Tištín
Tvorovice
Určice
Víceměřice
Vícov
Vincencov
Vitčice
Vranovice-Kelčice
Vrbátky
Vrchoslavice
Vřesovice
Výšovice
Zdětín
Želeč
Beňov
Bezuchov
Bochoř
Brodek u Přerova
Buk
Císařov
Citov
Čechy
Čelechovice
Dobrčice
Domaželice
Dřevohostice
Grymov
Horní Moštěnice
Hradčany
Kojetín
Kokory
Křenovice
Křtomil
Lazníčky
Lazníky
Lhotka
Lipová
Líšná
Lobodice
Měrovice nad Hanou
Nahošovice
Nelešovice
Oldřichov
Oplocany
Oprostovice
Pavlovice u Přerova
Podolí
Polkovice
Prosenice
Přerov
Přestavlky
Radkova Lhota
Radkovy
Radslavice
Radvanice
Rokytnice
Říkovice
Sobíšky
Stará Ves
Stříbrnice
Sušice
Šišma
Tovačov
Troubky
Tučín
Turovice
Uhřičice
Věžky
Vlkoš
Výkleky
Zábeštní Lhota
Žákovice
Želatovice
Babice
Domašov nad Bystřicí
Domašov u Šternberka
Hlásnice
Hnojice
Horní Loděnice
Hraničné Petrovice
Huzová
Jívová
Komárov
Lipina
Lužice
Mladějovice
Moravský Beroun
Mutkov
Norberčany
Řídeč
Strukov
Štarnov
Šternberk
Žerotín
Bludov
Bohdíkov
Bohutín
Branná
Bratrušov
Bušín
Dlouhomilov
Dolní Studénky
Hanušovice
Hraběšice
Hrabišín
Chromeč
Jakubovice
Janoušov
Jindřichov
Kopřivná
Libina
Loučná nad Desnou
Malá Morava
Nový Malín
Olšany
Oskava
Petrov nad Desnou
Písařov
Rapotín
Rejchartice
Ruda nad Moravou
Sobotín
Staré Město
Sudkov
Šléglov
Šumperk
Velké Losiny
Vernířovice
Vikantice
Vikýřovice
Dlouhá Loučka
Lipinka
Medlov
Nová Hradečná
Paseka
Šumvald
Troubelice
Újezd
Uničov
Želechovice
Bohuslavice
Brníčko
Drozdov
Dubicko
Horní Studénky
Hoštejn
Hrabová
Hynčina
Jedlí
Jestřebí
Kamenná
Kolšov
Kosov
Lesnice
Leština
Lukavice
Nemile
Postřelmov
Postřelmůvek
Rájec
Rohle
Rovensko
Svébohov
Štíty
Vyšehoří
Zábřeh
Zborov
Zvole
Česká Třebová
Přívrat
Rybník
Semanín
Třebovice
Dědová
Hamry
Hlinsko
Holetín
Jeníkov
Kameničky
Kladno
Krouna
Miřetice
Otradov
Pokřikov
Raná
Studnice
Svratouch
Tisovec
Trhová Kamenice
Včelákov
Vítanov
Vojtěchov
Vortová
Všeradov
Vysočina
Býšť
Dolní Roveň
Dolní Ředice
Holice
Horní Jelení
Horní Ředice
Chvojenec
Jaroslav
Ostřetín
Poběžovice u Holic
Trusnov
Uhersko
Veliny
Vysoké Chvojno
Běstvina
Biskupice
Bítovany
Bojanov
Bor u Skutče
Bořice
Bousov
Bylany
Ctětín
Čankovice
České Lhotice
Dolní Bezděkov
Dřenice
Dvakačovice
Heřmanův Městec
Hluboká
Hodonín
Honbice
Horka
Horní Bradlo
Hošťalovice
Hrochův Týnec
Hroubovice
Chrast
Chroustovice
Chrudim
Jenišovice
Klešice
Kněžice
Kočí
Kostelec u Heřmanova Městce
Krásné
Křižanovice
Lány
Leštinka
Libkov
Liboměřice
Licibořice
Lipovec
Lozice
Lukavice
Luže
Míčov-Sušice
Mladoňovice
Morašice
Mrákotín
Nabočany
Načešice
Nasavrky
Orel
Ostrov
Perálec
Podhořany u Ronova
Prachovice
Proseč
Prosetín
Předhradí
Přestavlky
Rabštejnská Lhota
Ronov nad Doubravou
Rosice
Rozhovice
Řestoky
Seč
Skuteč
Slatiňany
Smrček
Sobětuchy
Stolany
Střemošice
Svídnice
Trojovice
Třemošnice
Třibřichy
Tuněchody
Úherčice
Úhřetice
Vápenný Podol
Vejvanovice
Vrbatův Kostelec
Vyžice
Zaječice
Zájezdec
Zderaz
Žlebské Chvalovice
Žumberk
Červená Voda
Dolní Morava
Králíky
Lichkov
Mladkov
Albrechtice
Anenská Studánka
Cotkytle
Čenkovice
Damníkov
Dolní Čermná
Horní Čermná
Horní Heřmanice
Horní Třešňovec
Krasíkov
Lanškroun
Lubník
Luková
Ostrov
Petrovice
Rudoltice
Sázava
Strážná
Tatenice
Trpík
Výprachtice
Žichlínek
Benátky
Bohuňovice
Budislav
Cerekvice nad Loučnou
Čistá
Desná
Dolní Újezd
Horky
Horní Újezd
Chmelík
Chotěnov
Chotovice
Janov
Jarošov
Litomyšl
Lubná
Makov
Morašice
Němčice
Nová Sídla
Nová Ves u Jarošova
Osík
Poříčí u Litomyšle
Příluka
Řídký
Sebranice
Sedliště
Sloupnice
Strakov
Suchá Lhota
Trstěnice
Tržek
Újezdec
Vidlatá Seč
Vlčkov
Bělá u Jevíčka
Bezděčí u Trnávky
Biskupice
Borušov
Březina
Březinky
Dětřichov u Moravské Třebové
Dlouhá Loučka
Gruna
Hartinkov
Chornice
Janůvky
Jaroměřice
Jevíčko
Koruna
Křenov
Kunčina
Linhartice
Malíkov
Městečko Trnávka
Mladějov na Moravě
Moravská Třebová
Radkov
Rozstání
Rychnov na Moravě
Slatina
Staré Město
Třebařov
Útěchov
Víska u Jevíčka
Vranová Lhota
Vrážné
Vysoká
Barchov
Bezděkov
Borek
Bukovina nad Labem
Bukovka
Časy
Čeperka
Čepí
Černá u Bohdanče
Dašice
Dolany
Dříteč
Dubany
Hrobice
Choteč
Chýšť
Jezbořice
Kasalice
Kostěnice
Křičeň
Kunětice
Lány u Dašic
Lázně Bohdaneč
Libišany
Malé Výkleky
Mikulovice
Moravany
Němčice
Neratov
Opatovice nad Labem
Ostřešany
Pardubice
Plch
Podůlšany
Pravy
Ráby
Rohovládova Bělá
Rohoznice
Rokytno
Rybitví
Sezemice
Slepotice
Spojil
Srch
Srnojedy
Staré Hradiště
Staré Jesenčany
Staré Ždánice
Starý Mateřov
Stéblová
Třebosice
Úhřetická Lhota
Újezd u Sezemic
Vlčí Habřina
Voleč
Živanice
Borová
Březiny
Bystré
Hartmanice
Jedlová
Kamenec u Poličky
Korouhev
Květná
Nedvězí
Oldřiš
Polička
Pomezí
Pustá Kamenice
Pustá Rybná
Sádek
Stašov
Svojanov
Široký Důl
Telecí
Trpín
Brloh
Břehy
Bukovina u Přelouče
Hlavečník
Holotín
Choltice
Chrtníky
Chvaletice
Jankovice
Jedousov
Jeníkovice
Kladruby nad Labem
Kojice
Labské Chrčice
Lipoltice
Litošice
Mokošín
Morašice
Poběžovice u Přelouče
Přelouč
Přelovice
Přepychy
Řečany nad Labem
Selmice
Semín
Sopřeč
Sovolusky
Stojice
Strašov
Svinčany
Svojšice
Tetov
Trnávka
Turkovice
Újezd u Přelouče
Urbanice
Valy
Vápno
Veselí
Vyšehněvice
Zdechovice
Žáravice
Banín
Bělá nad Svitavou
Bohuňov
Brněnec
Březová nad Svitavou
Dětřichov
Hradec nad Svitavou
Chrastavec
Javorník
Kamenná Horka
Karle
Koclířov
Kukle
Lavičné
Mikuleč
Opatov
Opatovec
Pohledy
Radiměř
Rohozná
Rozhraní
Rudná
Sklené
Svitavy
Študlov
Vendolí
Vítějeves
Želivsko
Brandýs nad Orlicí
České Libchavy
Dlouhá Třebová
Dolní Dobrouč
Hnátnice
Hrádek
Jehnědí
Libchavy
Orlické Podhůří
Řetová
Řetůvka
Sopotnice
Sudislav nad Orlicí
Ústí nad Orlicí
Velká Skrovnice
Voděrady
Běstovice
Bošín
Bučina
České Heřmanice
Dobříkov
Džbánov
Hrušová
Choceň
Javorník
Koldín
Kosořín
Leština
Libecina
Mostek
Nasavrky
Nové Hrady
Oucmanice
Plchovice
Podlesí
Pustina
Radhošť
Řepníky
Seč
Skořenice
Slatina
Sruby
Stradouň
Sudslava
Svatý Jiří
Tisová
Týnišťko
Újezd u Chocně
Vinary
Vraclav
Vračovice-Orlov
Vysoké Mýto
Zádolí
Zálší
Zámrsk
Zářecká Lhota
Bystřec
Česká Rybná
České Petrovice
Dlouhoňovice
Hejnice
Helvíkovice
Jablonné nad Orlicí
Jamné nad Orlicí
Kameničná
Klášterec nad Orlicí
Kunvald
Letohrad
Líšnice
Lukavice
Mistrovice
Nekoř
Orličky
Pastviny
Písečná
Sobkovice
Studené
Šedivec
Těchonín
Verměřovice
Záchlumí
Žamberk
Žampach
Blovice
Borovno
Drahkov
Chlum
Chocenice
Jarov
Letiny
Louňová
Milínov
Míšov
Nové Mitrovice
Seč
Spálené Poříčí
Střížovice
Únětice
Vlčtejn
Zdemyslice
Žákava
Ždírec
Babylon
Bělá nad Radbuzou
Brnířov
Česká Kubice
Díly
Domažlice
Drahotín
Draženov
Hora Svatého Václava
Hostouň
Hradiště
Hvožďany
Chocomyšl
Chodov
Chodská Lhota
Chrastavice
Kanice
Kaničky
Kdyně
Klenčí pod Čerchovem
Koloveč
Kout na Šumavě
Libkov
Loučim
Luženičky
Mezholezy (dříve okres Domažlice)
Milavče
Mnichov
Mrákov
Mutěnín
Nemanice
Němčice
Nevolice
Nová Ves
Nový Kramolín
Otov
Pařezov
Pasečnice
Pec
Pelechy
Poběžovice
Pocinovice
Postřekov
Rybník
Spáňov
Srbice
Stráž
Tlumačov
Trhanov
Úboč
Újezd
Únějovice
Úsilov
Vlkanov
Všepadly
Všeruby
Zahořany
Ždánov
Břežany
Hejná
Horažďovice
Hradešice
Chanovice
Kejnice
Kovčín
Kvášňovice
Malý Bor
Maňovice
Myslív
Nalžovské Hory
Nehodiv
Olšany
Pačejov
Slatina
Svéradice
Tužice
Velké Hydčice
Velký Bor
Blížejov
Čermná
Hlohová
Hlohovčice
Horšovský Týn
Křenovy
Meclov
Mezholezy (dříve okres Horšovský Týn)
Mířkov
Močerady
Osvračín
Poděvousy
Puclice
Semněvice
Srby
Staňkov
Velký Malahov
Vidice
Běhařov
Běšiny
Bezděkov
Biřkov
Bolešiny
Čachrov
Černíkov
Červené Poříčí
Číhaň
Dešenice
Dlažov
Dolany
Hamry
Hnačov
Chlistov
Chudenice
Chudenín
Janovice nad Úhlavou
Javor
Ježovy
Klatovy
Klenová
Křenice
Lomec
Měčín
Mezihoří
Mlýnské Struhadlo
Mochtín
Myslovice
Nýrsko
Obytce
Ostřetice
Plánice
Poleň
Předslav
Strážov
Švihov
Týnec
Újezd u Plánice
Vrhaveč
Vřeskovice
Zavlekov
Zborovy
Železná Ruda
Bezvěrov
Bílov
Bohy
Brodeslavy
Černíkovice
Dobříč
Dolní Bělá
Dolní Hradiště
Dražeň
Hlince
Holovousy
Horní Bělá
Hvozd
Chříč
Jarov
Kaznějov
Kočín
Kopidlo
Koryta
Kozojedy
Kožlany
Kralovice
Líté
Loza
Manětín
Mladotice
Mrtník
Nečtiny
Obora
Pastuchovice
Pláně
Plasy
Potvorov
Rybnice
Sedlec
Slatina
Studená
Štichovice
Tis u Blatna
Velečín
Všehrdy
Výrov
Vysoká Libyně
Žihle
Čížkov
Čmelíny
Hradiště
Chlumy
Kasejovice
Klášter
Kozlovice
Kramolín
Měcholupy
Mileč
Mladý Smolivec
Mohelnice
Nekvasovy
Nepomuk
Neurazy
Nezdřev
Oselce
Polánka
Prádlo
Sedliště
Srby
Tojice
Třebčice
Vrčeň
Žinkovy
Životice
Bdeněves
Blatnice
Blažim
Bučí
Čeminy
Čerňovice
Česká Bříza
Dolany
Druztová
Heřmanova Huť
Hněvnice
Horní Bříza
Hromnice
Chotíkov
Kaceřov
Kbelany
Kozolupy
Krašovice
Krsy
Křelovice
Kunějovice
Ledce
Líně
Líšťany
Lochousice
Město Touškov
Myslinka
Nadryby
Nekmíř
Nevřeň
Nýřany
Ostrov u Bezdružic
Pernarec
Plešnice
Pňovany
Přehýšov
Příšov
Rochlov
Tatiná
Tlučná
Trnová
Třemošná
Úherce
Újezd nade Mží
Úlice
Úněšov
Úterý
Vejprnice
Vochov
Všeruby
Zahrádka
Zbůch
Zruč-Senec
Žilov
Dýšina
Chrást
Chválenice
Kyšice
Letkov
Lhůta
Losiná
Mokrouše
Nezbavětice
Nezvěstice
Plzeň
Starý Plzenec
Šťáhlavy
Štěnovický Borek
Tymákov
Bolkov
Borovy
Buková
Čižice
Dolce
Dolní Lukavice
Horní Lukavice
Horšice
Chlumčany
Kbel
Lužany
Merklín
Nebílovy
Netunice
Nezdice
Oplot
Otěšice
Předenice
Přeštice
Příchovice
Ptenín
Radkovice
Roupov
Řenče
Skašov
Soběkury
Štěnovice
Týniště
Útušice
Vlčí
Bezděkov
Břasy
Březina
Bujesily
Bušovice
Cekov
Čilá
Dobřív
Drahoňův Újezd
Ejpovice
Hlohovice
Holoubkov
Hrádek
Hradiště
Hůrky
Cheznovice
Chlum
Chomle
Kakejcov
Kamenec
Kamenný Újezd
Kařez
Kařízek
Klabava
Kladruby
Kornatice
Lhota pod Radčem
Lhotka u Radnic
Liblín
Líšná
Litohlavy
Medový Újezd
Mešno
Mirošov
Mlečice
Mýto
Němčovice
Nevid
Osek
Ostrovec-Lhotka
Plískov
Podmokly
Příkosice
Přívětice
Radnice
Raková
Rokycany
Sebečice
Sirá
Skomelno
Skořice
Smědčice
Strašice
Svojkovice
Štítov
Těně
Terešov
Těškov
Trokavec
Týček
Újezd u Svatého Kříže
Vejvanov
Veselá
Vísky
Volduchy
Všenice
Zbiroh
Zvíkovec
Bukovec
Čečovice
Černovice
Dnešice
Dobřany
Holýšov
Honezovice
Horní Kamenice
Hradec
Chotěšov
Kotovice
Kvíčovice
Lisov
Líšina
Neuměř
Nová Ves
Přestavlky
Stod
Střelice
Štichov
Ves Touškov
Vstiš
Všekary
Zemětice
Benešovice
Bezdružice
Cebiv
Černošín
Erpužice
Horní Kozolupy
Kladruby
Kokašice
Konstantinovy Lázně
Kostelec
Kšice
Olbramov
Ošelín
Prostiboř
Skapce
Stříbro
Sulislav
Svojšín
Sytno
Trpísty
Únehle
Vranov
Záchlumí
Zhoř
Budětice
Bukovník
Čímice
Dlouhá Ves
Dobršín
Domoraz
Dražovice
Frymburk
Hartmanice
Hlavňovice
Horská Kvilda
Hrádek
Kašperské Hory
Kolinec
Modrava
Mokrosuky
Nezamyslice
Nezdice na Šumavě
Petrovice u Sušice
Podmokly
Prášily
Rabí
Rejštejn
Soběšice
Srní
Strašín
Sušice
Velhartice
Žihobce
Žichovice
Bor
Brod nad Tichou
Broumov
Ctiboř
Částkov
Dlouhý Újezd
Halže
Hošťka
Chodová Planá
Chodský Újezd
Kočov
Lesná
Lestkov
Lom u Tachova
Milíře
Obora
Planá
Přimda
Rozvadov
Staré Sedliště
Staré Sedlo
Stráž
Studánka
Tachov
Tisová
Třemešné
Zadní Chodov
Benešov
Bukovany
Bystřice
Čakov
Čerčany
Český Šternberk
Čtyřkoly
Divišov
Drahňovice
Hvězdonice
Chářovice
Chleby
Chlístov
Chocerady
Choratice
Chotýšany
Chrášťany
Kozmice
Krhanice
Krňany
Křečovice
Lešany
Litichovice
Lštění
Maršovice
Mrač
Nespeky
Netvořice
Neveklov
Ostředek
Petroupim
Popovice
Poříčí nad Sázavou
Postupice
Přestavlky u Čerčan
Pyšely
Rabyně
Řehenice
Sázava
Soběhrdy
Stranný
Struhařov
Teplýšovice
Tisem
Třebešice
Týnec nad Sázavou
Václavice
Vodslivy
Vranov
Vysoký Újezd
Xaverov
Bavoryně
Beroun
Broumy
Bubovice
Bykoš
Hlásná Třebaň
Hudlice
Hýskov
Chodouň
Chrustenice
Chyňava
Karlštejn
Koněprusy
Korno
Králův Dvůr
Kublov
Liteň
Loděnice
Lužce
Málkov
Měňany
Mezouň
Mořina
Mořinka
Nenačovice
Nesvačily
Nižbor
Nový Jáchymov
Otročiněves
Podbrdy
Skuhrov
Srbsko
Stašov
Suchomasty
Svatá
Svatý Jan pod Skalou
Svinaře
Tetín
Tmaň
Trubín
Trubská
Vinařice
Vráž
Všeradice
Vysoký Újezd
Zadní Třebaň
Zdice
Železná
Bašť
Borek
Bořanovice
Brandýs nad Labem-Stará Boleslav
Brázdim
Čelákovice
Dobročovice
Dřevčice
Dřísy
Hlavenec
Horoušany
Hovorčovice
Husinec
Jenštejn
Jirny
Káraný
Klecany
Klíčany
Konětopy
Kostelní Hlavno
Křenek
Květnice
Lázně Toušeň
Lhota
Líbeznice
Máslovice
Měšice
Mochov
Mratín
Nehvizdy
Nová Ves
Nový Vestec
Odolena Voda
Panenské Břežany
Podolanka
Polerady
Předboj
Přezletice
Radonice
Sedlec
Sibřina
Sluhy
Sudovo Hlavno
Svémyslice
Šestajovice
Škvorec
Úvaly
Veleň
Veliká Ves
Větrušice
Vodochody
Vyšehořovice
Zápy
Záryby
Zdiby
Zeleneč
Zlatá
Zlonín
Adamov
Bílé Podolí
Brambory
Bratčice
Čáslav
Čejkovice
Dobrovítov
Drobovice
Horka I
Horky
Horušice
Hostovlice
Hraběšín
Chotusice
Kluky
Krchleby
Močovice
Okřesaneč
Potěhy
Rohozec
Semtěš
Schořov
Souňov
Starkoč
Šebestěnice
Třebešice
Třebonín
Tupadly
Vinaře
Vlačice
Vlkaneč
Vodranty
Vrdy
Zbýšov
Žáky
Žehušice
Žleby
Bojanovice
Bratřínov
Březová-Oleško
Buš
Černolice
Černošice
Červený Újezd
Číčovice
Čisovice
Davle
Dobrovíz
Dobříč
Dobřichovice
Dolní Břežany
Drahelčice
Holubice
Horoměřice
Hostivice
Hradištko
Hvozdnice
Choteč
Chrášťany
Chýně
Chýnice
Jeneč
Jesenice
Jílové u Prahy
Jíloviště
Jinočany
Kamenný Přívoz
Karlík
Klínec
Kněževes
Kosoř
Kytín
Lety
Libčice nad Vltavou
Libeř
Lichoceves
Líšnice
Měchenice
Mníšek pod Brdy
Nučice
Ohrobec
Okoř
Okrouhlo
Ořech
Petrov
Pohoří
Průhonice
Psáry
Ptice
Roblín
Roztoky
Rudná
Řevnice
Řitka
Slapy
Statenice
Středokluky
Svrkyně
Štěchovice
Tachlovice
Trnová
Třebotov
Tuchoměřice
Tursko
Úholičky
Úhonice
Únětice
Velké Přílepy
Vestec
Vonoklasy
Vrané nad Vltavou
Všenory
Zahořany
Zbuzany
Zlatníky-Hodkovice
Zvole
Břežany II
Bříství
Černíky
Český Brod
Doubravčice
Hradešín
Chrášťany
Klučov
Kounice
Krupá
Kšely
Masojedy
Mrzky
Poříčany
Přehvozdí
Přistoupim
Přišimasy
Rostoklaty
Tismice
Tuchoraz
Tuklaty
Vitice
Vrátkov
Vykáň
Borotice
Čím
Daleké Dušníky
Dobříš
Drevníky
Drhovy
Hřiměždice
Chotilsko
Korkyně
Malá Hraštice
Mokrovraty
Nečín
Nová Ves pod Pleší
Nové Dvory
Nový Knín
Obořiště
Ouběnice
Rosovice
Rybníky
Stará Huť
Svaté Pole
Velká Lečice
Voznice
Županovice
Běštín
Březová
Bzová
Cerhovice
Drozdov
Felbabka
Hořovice
Hostomice
Hředle
Hvozdec
Chaloupky
Chlustina
Jivina
Komárov
Kotopeky
Lážovice
Lhotka
Libomyšl
Lochovice
Malá Víska
Neumětely
Olešná
Osek
Osov
Otmíče
Podluhy
Praskolesy
Rpety
Skřipel
Tlustice
Točník
Újezd
Velký Chlumec
Vižina
Zaječov
Záluží
Žebrák
Běleč
Běloky
Blevice
Brandýsek
Braškov
Bratronice
Buštěhrad
Cvrčovice
Doksy
Dolany
Družec
Dřetovice
Horní Bezděkov
Hostouň
Hradečno
Hřebeč
Kačice
Kamenné Žehrovice
Kladno
Koleč
Kyšice
Lány
Lhota
Libochovičky
Libušín
Lidice
Makotřasy
Malé Kyšice
Malé Přítočno
Otvovice
Pavlov
Pchery
Pletený Újezd
Slatina
Stehelčeves
Stochov
Svárov
Svinařov
Třebichovice
Třebusice
Tuchlovice
Unhošť
Velká Dobrá
Velké Přítočno
Vinařice
Zájezd
Zákolany
Žilina
Barchovice
Bečváry
Bělušice
Břežany I
Býchory
Cerhenice
Církvice
Červené Pečky
Dobřichov
Dolní Chvatliny
Dománovice
Drahobudice
Grunta
Horní Kruty
Choťovice
Chotutice
Jestřabí Lhota
Kbel
Klášterní Skalice
Kolín
Konárovice
Kořenice
Kouřim
Krakovany
Krychnov
Křečhoř
Libenice
Libodřice
Lipec
Lošany
Malotice
Nebovidy
Němčice
Nová Ves I
Ohaře
Ovčáry
Pašinka
Pečky
Plaňany
Pňov-Předhradí
Polepy
Polní Chrčice
Polní Voděrady
Radim
Radovesnice I
Radovesnice II
Ratboř
Ratenice
Skvrňov
Starý Kolín
Svojšice
Tatce
Toušice
Třebovle
Tři Dvory
Týnec nad Labem
Uhlířská Lhota
Veletov
Velim
Velký Osek
Veltruby
Volárna
Vrbčany
Zalešany
Zásmuky
Žabonosy
Ždánice
Žehuň
Žiželice
Dolany
Dřínov
Hostín u Vojkovic
Chvatěruby
Kozomín
Kralupy nad Vltavou
Ledčice
Nelahozeves
Nová Ves
Olovnice
Postřižín
Újezdec
Úžice
Veltrusy
Vojkovice
Všestudy
Zlončice
Zlosyň
Bernardov
Bludov
Bohdaneč
Církvice
Černíny
Červené Janovice
Čestín
Dolní Pohleď
Hlízov
Horka II
Chabeřice
Chlístovice
Kácov
Kobylnice
Košice
Křesetice
Kutná Hora
Ledečko
Malešov
Miskovice
Nepoměřice
Nové Dvory
Onomyšl
Opatovice I
Paběnice
Pertoltice
Petrovice I
Petrovice II
Podveky
Rašovice
Rataje nad Sázavou
Řendějov
Samopše
Slavošov
Soběšín
Staňkovice
Sudějov
Suchdol
Svatý Mikuláš
Štipoklasy
Třebětín
Uhlířské Janovice
Úmonín
Úžice
Vavřinec
Vidice
Vlastějovice
Záboří nad Labem
Zbizuby
Zbraslavice
Zruč nad Sázavou
Jiřice
Lysá nad Labem
Milovice
Ostrá
Přerov nad Labem
Semice
Stará Lysá
Starý Vestec
Stratov
Býkev
Byšice
Cítov
Čečelice
Dobřeň
Dolní Beřkovice
Dolní Zimoř
Horní Počaply
Hořín
Hostín
Chorušice
Jeviněves
Kadlín
Kanina
Kly
Kokořín
Lhotka
Liběchov
Liblice
Lobeč
Lužec nad Vltavou
Malý Újezd
Medonosy
Mělnické Vtelno
Mělník
Mšeno
Nebužely
Nosálov
Řepín
Spomyšl
Stránka
Střemy
Tuhaň
Tupadly
Velký Borek
Vidim
Vraňany
Vysoká
Želízy
Bakov nad Jizerou
Bělá pod Bezdězem
Benátky nad Jizerou
Bezno
Bítouchov
Boreč
Bradlec
Brodce
Březno
Březovice
Bukovno
Ctiměřice
Čachovice
Čistá
Dalovice
Dlouhá Lhota
Dobrovice
Dobšín
Dolní Bousov
Dolní Slivno
Dolní Stakory
Domousnice
Doubravička
Horky nad Jizerou
Horní Slivno
Hrdlořezy
Hrušov
Husí Lhota
Charvatce
Chotětov
Chudíř
Jabkenice
Jizerní Vtelno
Josefův Důl
Katusice
Kluky
Kobylnice
Kochánky
Kolomuty
Kosmonosy
Kosořice
Košátky
Kováň
Kovanec
Krásná Ves
Krnsko
Kropáčova Vrutice
Ledce
Lhotky
Lipník
Luštěnice
Mečeříž
Mladá Boleslav
Němčice
Nemyslovice
Nepřevázka
Niměřice
Nová Telib
Nová Ves u Bakova
Obrubce
Obruby
Pěčice
Pětikozly
Petkovy
Písková Lhota
Plazy
Plužná
Prodašice
Předměřice nad Jizerou
Přepeře
Rabakov
Rohatsko
Rokytovec
Řepov
Řitonice
Sedlec
Semčice
Skalsko
Skorkov
Smilovice
Sojovice
Sovínky
Strašnov
Strenice
Sudoměř
Sukorady
Tuřice
Ujkovice
Velké Všelisy
Veselice
Vinařice
Vinec
Vlkava
Vrátno
Všejany
Zdětín
Žerčice
Židněves
Bílá Hlína
Boseň
Branžež
Březina
Dolní Krupá
Horní Bukovina
Chocnějovice
Jivina
Klášter Hradiště nad Jizerou
Kněžmost
Koryta
Loukov
Loukovec
Mnichovo Hradiště
Mohelnice nad Jizerou
Mukařov
Neveklovice
Ptýrov
Rokytá
Sezemice
Strážiště
Žďár
Čakovičky
Chlumín
Kojetice
Kostelec nad Labem
Libiš
Nedomice
Neratovice
Obříství
Ovčáry
Tišice
Všetaty
Zálezlice
Bobnice
Budiměřice
Čilec
Dvory
Hořany
Hořátev
Hradištko
Hrubý Jeseník
Chleby
Chrást
Jíkev
Jizbice
Kamenné Zboží
Kostelní Lhota
Kostomlátky
Kostomlaty nad Labem
Košík
Kovanice
Krchleby
Křinec
Loučeň
Mcely
Milčice
Netřebice
Nový Dvůr
Nymburk
Oskořínek
Písty
Rožďalovice
Sadská
Seletice
Straky
Třebestovice
Velenka
Vestec
Všechlapy
Zbožíčko
Zvěřínek
Žitovlice
Běrunice
Činěves
Dlouhopolsko
Dobšice
Dymokury
Hradčany
Choťánky
Chotěšice
Chroustov
Kněžice
Kněžičky
Kolaje
Kouty
Křečkov
Libice nad Cidlinou
Městec Králové
Odřepsy
Okřínek
Opočnice
Opolany
Oseček
Pátek
Písková Lhota
Poděbrady
Podmoky
Sány
Senice
Sloveč
Sokoleč
Úmyslovice
Velenice
Vlkov pod Oškobrhem
Vrbice
Vrbová Lhota
Záhornice
Bezděkov pod Třemšínem
Bohostice
Bohutín
Bratkovice
Brdy
Březnice
Buková u Příbramě
Bukovany
Cetyně
Čenkov
Dlouhá Lhota
Dolní Hbity
Drahenice
Drahlín
Drásov
Dubenec
Dubno
Háje
Hluboš
Hlubyně
Horčápsko
Hudčice
Hvožďany
Chrást
Chraštice
Jablonná
Jince
Kamýk nad Vltavou
Kotenčice
Koupě
Kozárovice
Křešín
Láz
Lazsko
Lešetice
Lhota u Příbramě
Milín
Modřovice
Narysov
Nepomuk
Nestrašovice
Občov
Obecnice
Obory
Ohrazenice
Ostrov
Pečice
Pičín
Počaply
Podlesí
Příbram
Radětice
Rožmitál pod Třemšínem
Sádek
Sedlice
Smolotely
Solenice
Starosedlský Hrádek
Suchodol
Svojšice
Těchařovice
Tochovice
Trhové Dušníky
Třebsko
Tušovice
Věšín
Višňová
Volenice
Vrančice
Vranovice
Vševily
Vysoká u Příbramě
Zalužany
Zbenice
Zduchovice
Bdín
Branov
Břežany
Čistá
Děkov
Drahouš
Hořesedly
Hořovičky
Hracholusky
Hřebečníky
Hředle
Hvozd
Chrášťany
Janov
Jesenice
Kalivody
Karlova Ves
Kněževes
Kolešov
Kolešovice
Kounov
Kozojedy
Krakov
Krakovec
Kroučová
Krty
Krupá
Krušovice
Křivoklát
Lašovice
Lišany
Lubná
Lužná
Malinová
Městečko
Milostín
Milý
Mšec
Mšecké Žehrovice
Mutějovice
Nesuchyně
Nezabudice
Nové Strašecí
Nový Dům
Olešná
Oráčov
Panoší Újezd
Pavlíkov
Petrovice
Pochvalov
Přerubenice
Příčina
Přílepy
Pšovlky
Pustověty
Račice
Rakovník
Roztoky
Ruda
Rynholec
Řeřichy
Řevničov
Senec
Senomaty
Skryje
Slabce
Smilovice
Srbeč
Svojetín
Sýkořice
Šanov
Šípy
Švihov
Třeboc
Třtice
Václavy
Velká Buková
Velká Chmelištná
Všesulov
Všetaty
Zavidov
Zbečno
Žďár
Babice
Březí
Černé Voděrady
Čestlice
Dobřejovice
Doubek
Herink
Hrusice
Jevany
Kaliště
Kamenice
Klokočná
Konojedy
Kostelec nad Černými Lesy
Kostelec u Křížků
Kozojedy
Křenice
Křížkový Újezdec
Kunice
Louňovice
Mirošovice
Mnichovice
Modletice
Mukařov
Nučice
Nupaky
Oleška
Ondřejov
Oplany
Pětihosty
Petříkov
Popovičky
Prusice
Radějovice
Říčany
Senohraby
Sluštice
Strančice
Struhařov
Stříbrná Skalice
Sulice
Světice
Svojetice
Štíhlice
Tehov
Tehovec
Velké Popovice
Vlkančice
Všestary
Výžerky
Vyžlovka
Zvánovice
Dublovice
Jesenice
Klučenice
Kňovice
Kosova Hora
Krásná Hora nad Vltavou
Křepenice
Milešov
Nalžovice
Nedrahovice
Nechvalice
Osečany
Petrovice
Počepice
Prosenická Lhota
Příčovy
Radíč
Sedlčany
Sedlec-Prčice
Svatý Jan
Štětkovice
Vysoký Chlumec
Beřovice
Bílichov
Černuc
Drnek
Dřínov
Hobšovice
Hořešovice
Hořešovičky
Hospozín
Hrdlív
Chržín
Jarpice
Jedomělice
Jemníky
Kamenný Most
Klobuky
Kmetiněves
Knovíz
Královice
Kutrovice
Kvílice
Ledce
Libovice
Líský
Loucká
Malíkovice
Neprobylice
Neuměřice
Páleč
Plchov
Podlešín
Poštovice
Pozdeň
Přelíc
Řisuty
Sazená
Slaný
Smečno
Stradonice
Studeněves
Šlapanice
Třebíz
Tuřany
Uhy
Velvary
Vraný
Vrbičany
Zichovec
Zlonice
Zvoleněves
Želenice
Žižice
Bernartice
Bílkovice
Blažejovice
Borovnice
Ctiboř
Čechtice
Děkanovice
Dolní Kralovice
Dunice
Hradiště
Hulice
Chlum
Chmelná
Javorník
Kamberk
Keblov
Kladruby
Kondrac
Křivsoudov
Kuňovice
Libež
Loket
Louňovice pod Blaníkem
Miřetice
Mnichovice
Načeradec
Ostrov
Pavlovice
Pravonín
Psáře
Radošovice
Rataje
Řimovice
Slověnice
Snět
Soutice
Strojetice
Studený
Šetějovice
Tehov
Tichonice
Tomice
Trhový Štěpánov
Veliš
Vlašim
Vracovice
Všechlapy
Zdislavice
Červený Újezd
Heřmaničky
Jankov
Ješetice
Mezno
Miličín
Neustupov
Olbramovice
Ratměřice
Smilkov
Střezimíř
Vojkov
Votice
Vrchotovy Janovice
Zvěstov
Bílina
Hostomice
Hrobčice
Ledvice
Lukov
Měrunice
Ohníč
Světec
Arnoltice
Benešov nad Ploučnicí
Bynovec
Česká Kamenice
Děčín
Dobkovice
Dobrná
Dolní Habartice
Františkov nad Ploučnicí
Heřmanov
Horní Habartice
Hřensko
Huntířov
Janov
Janská
Jetřichovice
Jílové
Kámen
Kunratice
Kytlice
Labská Stráň
Ludvíkovice
Malá Veleň
Malšovice
Markvartice
Merboltice
Růžová
Srbská Kamenice
Starý Šachov
Těchlovice
Valkeřice
Velká Bukovina
Verneřice
Veselé
Bílence
Blatno
Boleboř
Březno
Černovice
Droužkovice
Hora Svatého Šebestiána
Hrušovany
Chomutov
Jirkov
Kalek
Křimov
Málkov
Místo
Nezabylice
Otvice
Pesvice
Spořice
Strupčice
Údlice
Vrskmaň
Všehrdy
Všestudy
Výsluní
Vysoká Pec
Domašín
Chbany
Kadaň
Klášterec nad Ohří
Kovářská
Kryštofovy Hamry
Libědice
Loučná pod Klínovcem
Mašťov
Měděnec
Okounov
Perštejn
Pětipsy
Račetice
Radonice
Rokle
Vejprty
Veliká Ves
Vilémov
Bohušovice nad Ohří
Brňany
Brozany nad Ohří
Býčkovice
Dolánky nad Ohří
Drahobuz
Hlinná
Horní Řepčice
Hoštka
Chotiněves
Chudoslavice
Kamýk
Křešice
Levín
Liběšice
Libochovany
Litoměřice
Lovečkovice
Malíč
Michalovice
Miřejovice
Mlékojedy
Oleško
Píšťany
Ploskovice
Polepy
Račice
Rochov
Snědovice
Staňkovice
Štětí
Terezín
Travčice
Trnovany
Třebušín
Úštěk
Velké Žernoseky
Vrutice
Žalhostice
Žitenice
Brandov
Český Jiřetín
Hora Svaté Kateřiny
Horní Jiřetín
Klíny
Litvínov
Lom
Louka u Litvínova
Mariánské Radčice
Meziboří
Nová Ves v Horách
Blšany u Loun
Brodec
Břvany
Cítoliby
Černčice
Dobroměřice
Domoušice
Hříškov
Hřivice
Chlumčany
Chožov
Chraberce
Jimlín
Koštice
Kozly
Lenešice
Libčeves
Líšťany
Louny
Nová Ves
Obora
Opočno
Panenský Týnec
Peruc
Pnětluky
Počedělice
Postoloprty
Raná
Ročov
Slavětín
Smolnice
Toužetín
Úherce
Veltěže
Vinařice
Vrbno nad Lesy
Vršovice
Výškov
Zbrašín
Želkovice
Žerotín
Černiv
Čížkovice
Děčany
Dlažkovice
Evaň
Chodovlice
Chotěšov
Chotiměř
Jenčice
Keblice
Klapý
Křesín
Lhotka nad Labem
Libochovice
Lkáň
Lovosice
Lukavec
Malé Žernoseky
Podsedice
Prackovice nad Labem
Radovesice
Sedlec
Siřejovice
Slatina
Sulejovice
Třebenice
Třebívlice
Úpohlavy
Velemín
Vchynice
Vlastislav
Vrbičany
Bečov
Bělušice
Braňany
Havraň
Korozluky
Lišnice
Lužice
Malé Březno
Most
Obrnice
Patokryje
Polerady
Skršín
Volevčice
Želenice
Blatno
Blšany
Krásný Dvůr
Kryry
Lubenec
Nepomyšl
Očihov
Petrohrad
Podbořanský Rohozec
Podbořany
Vroutek
Bechlín
Brzánky
Bříza
Budyně nad Ohří
Ctiněves
Černěves
Černouček
Dobříň
Doksany
Dušníky
Horní Beřkovice
Hrobce
Chodouny
Kleneč
Kostomlaty pod Řípem
Krabčice
Kyškovice
Libkovice pod Řípem
Libotenice
Martiněves
Mnetěš
Mšené-lázně
Nové Dvory
Přestavlky
Račiněves
Roudnice nad Labem
Straškov-Vodochody
Vědomice
Vražkov
Vrbice
Záluží
Žabovřesky nad Ohří
Židovice
Dolní Poustevna
Doubice
Jiříkov
Krásná Lípa
Lipová
Lobendava
Mikulášovice
Rumburk
Staré Křečany
Šluknov
Velký Šenov
Vilémov
Bořislav
Bystřany
Bžany
Dubí
Duchcov
Háj u Duchcova
Hrob
Jeníkov
Kladruby
Kostomlaty pod Milešovkou
Košťany
Krupka
Lahošť
Mikulov
Modlany
Moldava
Novosedlice
Osek
Proboštov
Rtyně nad Bílinou
Srbice
Teplice
Újezdeček
Zabrušany
Žalany
Žim
Dolní Zálezly
Habrovany
Homole u Panny
Chabařovice
Chlumec
Chuderov
Libouchec
Malé Březno
Malečov
Petrovice
Povrly
Přestanov
Ryjice
Řehlovice
Stebno
Tašov
Telnice
Tisá
Trmice
Ústí nad Labem
Velké Březno
Velké Chvojno
Zubrnice
Dolní Podluží
Horní Podluží
Chřibská
Jiřetín pod Jedlovou
Rybniště
Varnsdorf
Bitozeves
Blažim
Čeradice
Deštnice
Holedeč
Liběšice
Libočany
Libořice
Lipno
Lišany
Měcholupy
Nové Sedlo
Staňkovice
Tuchořice
Velemyšleves
Zálužice
Žatec
Žiželice
Blažkov
Bohuňov
Bukov
Bystřice nad Pernštejnem
Býšovec
Dalečín
Dolní Rožínka
Horní Rožínka
Chlum-Korouhvice
Koroužné
Lísek
Milasín
Moravecké Pavlovice
Nyklovice
Písečné
Prosetín
Radkov
Rodkov
Rovečné
Rozsochy
Rožná
Sejřek
Skorotice
Strachujov
Strážek
Střítež
Sulkovec
Štěpánov nad Svratkou
Ubušínek
Ujčov
Unčín
Věchnov
Velké Janovice
Velké Tresné
Věstín
Věžná
Vír
Zvole
Ždánice
Bačkov
Bartoušov
Boňkov
Břevnice
Česká Bělá
Dlouhá Ves
Dolní Krupá
Golčův Jeníkov
Habry
Havlíčkova Borová
Havlíčkův Brod
Herálec
Horní Krupá
Hurtova Lhota
Chrtníč
Kámen
Knyk
Kochánov
Kojetín
Krásná Hora
Krátká Ves
Květinov
Kyjov
Leškovice
Lípa
Lipnice nad Sázavou
Lučice
Michalovice
Modlíkov
Nová Ves u Leštiny
Okrouhlice
Okrouhlička
Olešenka
Olešná
Podmoky
Pohled
Přibyslav
Radostín
Rozsochatec
Rybníček
Skorkov
Skryje
Skuhrov
Slavníč
Stříbrné Hory
Šlapanov
Štoky
Tis
Úhořilka
Úsobí
Veselý Žďár
Věž
Vysoká
Zvěstovice
Ždírec
Žižkovo Pole
Budíkov
Bystrá
Čejov
Hojanovice
Horní Rápotice
Hořice
Humpolec
Ježov
Jiřice
Kaliště
Kejžlice
Koberovice
Komorovice
Mladé Bříště
Mysletín
Píšť
Proseč
Řečice
Sedlice
Senožaty
Staré Bříště
Syrov
Vojslavice
Vystrkov
Želiv
Bezděkov
Borek
Čachotín
Čečkovice
Dolní Sokolovec
Heřmanice
Chotěboř
Jeřišno
Jilem
Jitkov
Klokočov
Kraborovice
Krucemburk
Lány
Libice nad Doubravou
Maleč
Nejepín
Nová Ves u Chotěboře
Oudoleň
Podmoklany
Rušinov
Sedletín
Slavětín
Slavíkov
Sloupno
Sobíňov
Uhelná Příbram
Vepříkov
Vilémov
Víska
Ždírec nad Doubravou
Arnolec
Batelov
Bílý Kámen
Bítovčice
Boršov
Brtnice
Brtnička
Brzkov
Cejle
Cerekvička-Rosice
Čížov
Dlouhá Brtnice
Dobronín
Dobroutov
Dolní Cerekev
Dudín
Dušejov
Dvorce
Hladov
Hodice
Hojkov
Horní Dubenky
Hrutov
Hubenov
Hybrálec
Jamné
Jersín
Jezdovice
Ježená
Jihlava
Jihlávka
Kalhov
Kaliště
Kamenice
Kamenná
Kněžice
Kostelec
Kozlov
Luka nad Jihlavou
Malý Beranov
Měšín
Milíčov
Mirošov
Nadějov
Opatov
Otín
Panenská Rozsíčka
Pavlov
Plandry
Polná
Puklice
Rančířov
Rantířov
Rohozná
Růžená
Rybné
Smrčná
Stáj
Stonařov
Střítež
Suchá
Šimanov
Švábov
Třešť
Třeštice
Ústí
Velký Beranov
Větrný Jeníkov
Věžnice
Věžnice
Věžnička
Vílanec
Vyskytná nad Jihlavou
Vysoké Studnice
Záborná
Zbilidy
Zbinohy
Zhoř
Ždírec
Babice
Bačkovice
Blatnice
Bohušice
Budkov
Cidlina
Častohostice
Dědice
Dešov
Dolní Lažany
Domamil
Hornice
Chotěbudice
Jakubov u Moravských Budějovic
Jemnice
Jiratice
Kdousov
Kojatice
Komárovice
Kostníky
Láz
Lesná
Lesonice
Lhotice
Litohoř
Lomy
Lovčovice
Lukov
Martínkov
Menhartice
Meziříčko
Mladoňovice
Moravské Budějovice
Nimpšov
Nové Syrovice
Oponešice
Pálovice
Police
Rácovice
Radkovice u Budče
Radotice
Slavíkovice
Štěpkov
Třebelovice
Vícenice
Zvěrkovice
Želetava
Březník
Čikov
Hartvíkovice
Hluboké
Jasenice
Jinošov
Kladeruby nad Oslavou
Kralice nad Oslavou
Kramolín
Krokočín
Kuroslepy
Lesní Jakubov
Lhánice
Mohelno
Naloučany
Náměšť nad Oslavou
Ocmanice
Okarec
Popůvky
Pucov
Rapotice
Sedlec
Studenec
Sudice
Třesov
Vícenice u Náměště nad Oslavou
Zahrádka
Bobrová
Bobrůvka
Borovnice
Daňkovice
Dlouhé
Fryšava pod Žákovou horou
Javorek
Jimramov
Kadov
Krásné
Křídla
Křižánky
Kuklík
Líšná
Mirošov
Nová Ves u Nového Města na Moravě
Nové Město na Moravě
Nový Jimramov
Podolí
Račice
Radešín
Radešínská Svratka
Radňovice
Řečice
Sněžné
Spělkov
Tři Studně
Věcov
Vlachovice
Zubří
Bratřice
Buřenice
Cetoraz
Čáslavsko
Dobrá Voda u Pacova
Důl
Eš
Kámen
Lesná
Lukavec
Mezilesí
Obrataň
Pacov
Pošná
Salačova Lhota
Samšín
Těchobuz
Útěchovice pod Stražištěm
Velká Chyška
Věžná
Vyklantice
Vysoká Lhota
Zhořec
Zlátenka
Arneštovice
Bácovice
Bělá
Bohdalín
Bořetice
Bořetín
Božejov
Častrov
Čelistná
Černov
Černovice
Červená Řečice
Čížkov
Dehtáře
Dobrá Voda
Dubovice
Hojovice
Horní Cerekev
Horní Ves
Hořepník
Chýstovice
Chyšná
Jankov
Kamenice nad Lipou
Kojčice
Košetice
Krasíkovice
Křeč
Křelovice
Křešín
Leskovice
Lhota-Vlasenice
Libkova Voda
Lidmaň
Litohošť
Martinice u Onšova
Mezná
Mnich
Moraveč
Nová Buková
Nová Cerekev
Nový Rychnov
Olešná
Ondřejov
Onšov
Pavlov
Pelhřimov
Počátky
Polesí
Proseč pod Křemešníkem
Putimov
Rodinov
Rovná
Rynárec
Stojčín
Střítež
Střítež pod Křemešníkem
Svépravice
Těmice
Ústrašín
Útěchovice
Útěchovičky
Včelnička
Velký Rybník
Veselá
Vokov
Vyskytná
Zachotín
Zajíčkov
Žirov
Žirovnice
Bělá
Bojiště
Číhošť
Dolní Město
Druhanov
Hněvkovice
Horní Paseka
Hradec
Chřenovice
Jedlá
Kamenná Lhota
Kouty
Kozlov
Kožlí
Kunemil
Kynice
Ledeč nad Sázavou
Leština u Světlé
Malčín
Nová Ves u Světlé
Ostrov
Ovesná Lhota
Pavlov
Pohleď
Prosíčka
Příseka
Sázavka
Služátky
Světlá nad Sázavou
Trpišovice
Vilémovice
Vlkanov
Bohuslavice
Borovná
Černíč
Dolní Vilímeč
Doupě
Dyjice
Horní Myslová
Hostětice
Jindřichovice
Klatovec
Knínice
Kostelní Myslová
Krahulčí
Krasonice
Lhotka
Markvartice
Mrákotín
Mysletice
Mysliboř
Nevcehle
Nová Říše
Olšany
Olší
Ořechov
Panské Dubenky
Radkov
Rozseč
Řásná
Řídelov
Sedlatice
Sedlejov
Stará Říše
Strachoňovice
Svojkovice
Telč
Urbanov
Vanov
Vanůvek
Vápovice
Volevčice
Vystrčenovice
Zadní Vydří
Zdeňkov
Zvolenovice
Žatec
Bačice
Benetice
Biskupice-Pulkov
Bochovice
Bransouze
Budišov
Čáslavice
Čechočovice
Čechtín
Červená Lhota
Číhalín
Číchov
Číměř
Dalešice
Dolní Vilémovice
Dukovany
Heraltice
Hodov
Horní Heřmanice
Horní Smrčné
Horní Újezd
Horní Vilémovice
Hrotovice
Hroznatín
Hvězdoňovice
Chlístov
Chlum
Jaroměřice nad Rokytnou
Kamenná
Klučov
Kojatín
Kojetice
Koněšín
Kouty
Kozlany
Kožichovice
Krahulov
Krhov
Lesůňky
Lipník
Litovany
Loukovice
Markvartice
Mastník
Mikulovice
Myslibořice
Nárameč
Nová Ves
Nový Telečkov
Odunec
Okřešice
Okříšky
Opatov
Ostašov
Petrovice
Petrůvky
Pokojovice
Pozďatín
Přeckov
Předín
Přešovice
Přibyslavice
Příštpo
Pyšel
Račice
Radkovice u Hrotovic
Radonín
Radošov
Rohy
Rokytnice nad Rokytnou
Rouchovany
Rudíkov
Římov
Slavětice
Slavičky
Smrk
Stařeč
Stropešín
Střítež
Studnice
Svatoslav
Šebkovice
Štěměchy
Trnava
Třebenice
Třebíč
Valdíkov
Valeč
Vladislav
Vlčatín
Výčapy
Zárubice
Zašovice
Baliny
Blízkov
Bory
Březejc
Březí
Březské
Černá
Dobrá Voda
Dolní Heřmanice
Dolní Libochová
Heřmanov
Horní Libochová
Horní Radslavice
Chlumek
Jabloňov
Jívoví
Kadolec
Kozlov
Křižanov
Křoví
Kundratice
Lavičky
Martinice
Měřín
Meziříčko
Milešín
Moravec
Netín
Nová Ves
Nové Sady
Ořechov
Oslavice
Oslavička
Osová Bítýška
Osové
Otín
Pavlínov
Petráveč
Pikárec
Radenice
Radňoves
Rousměrov
Rozseč
Ruda
Sklené nad Oslavou
Skřinářov
Stránecká Zhoř
Sviny
Tasov
Uhřínov
Velká Bíteš
Velké Meziříčí
Vídeň
Vidonín
Vlkov
Záblatí
Zadní Zhořec
Bohdalec
Bohdalov
Březí nad Oslavou
Budeč
Cikháj
Hamry nad Sázavou
Herálec
Hodíškov
Chlumětín
Jámy
Karlov
Kněževes
Kotlasy
Krásněves
Kyjov
Lhotka
Malá Losenice
Matějov
Nížkov
Nové Dvory
Nové Veselí
Obyčtov
Ostrov nad Oslavou
Pavlov
Počítky
Poděšín
Pokojov
Polnička
Račín
Radostín
Radostín nad Oslavou
Rosička
Rudolec
Sázava
Sazomín
Sirákov
Sklené
Světnov
Svratka
Škrdlovice
Újezd
Vatín
Velká Losenice
Vepřová
Vojnův Městec
Vysoké
Znětínek
Žďár nad Sázavou
Blazice
Brusné
Bystřice pod Hostýnem
Chomýž
Chvalčov
Komárno
Loukov
Mrlínek
Osíčko
Podhradní Lhota
Rajnochovice
Rusava
Slavkov pod Hostýnem
Vítonice
Bořenovice
Holešov
Horní Lapač
Jankovice
Kostelec u Holešova
Kurovice
Lechotice
Ludslavice
Martinice
Míškovice
Němčice
Pacetluky
Prusinovice
Přílepy
Roštění
Rymice
Třebětice
Zahnašovice
Žeranovice
Bařice-Velké Těšany
Bezměrov
Břest
Cetechovice
Dřínov
Honětice
Hoštice
Hulín
Chropyně
Chvalnov-Lísky
Jarohněvice
Karolín
Koryčany
Kostelany
Kroměříž
Kunkovice
Kvasice
Kyselovice
Litenčice
Lubná
Lutopecny
Morkovice-Slížany
Nítkovice
Nová Dědina
Pačlavice
Počenice-Tetětice
Prasklice
Pravčice
Rataje
Roštín
Skaštice
Soběsuky
Střílky
Střížovice
Sulimov
Šelešovice
Troubky-Zdislavice
Uhřice
Věžky
Vrbka
Záříčí
Zástřizly
Zborovice
Zdounky
Zlobice
Žalkovice
Biskupice
Bohuslavice nad Vláří
Dolní Lhota
Horní Lhota
Lipová
Ludkovice
Luhačovice
Petrůvka
Podhradí
Pozlovice
Rudimov
Sehradice
Slavičín
Slopné
Šanov
Bělov
Halenkovice
Komárov
Napajedla
Oldřichovice
Otrokovice
Pohořelice
Spytihněv
Tlumačov
Žlutava
Dolní Bečva
Horní Bečva
Hutisko-Solanec
Prostřední Bečva
Rožnov pod Radhoštěm
Valašská Bystřice
Vidče
Vigantice
Zubří
Babice
Bílovice
Boršice
Boršice u Blatnice
Břestek
Březolupy
Buchlovice
Částkov
Hluk
Hostějov
Huštěnovice
Jalubí
Jankovice
Kněžpole
Kostelany nad Moravou
Košíky
Kudlovice
Kunovice
Medlovice
Mistřice
Modrá
Nedachlebice
Nedakonice
Ořechov
Ostrožská Lhota
Ostrožská Nová Ves
Osvětimany
Podolí
Polešovice
Popovice
Salaš
Staré Hutě
Staré Město
Stříbrnice
Stupava
Sušice
Svárov
Topolná
Traplice
Tučapy
Tupesy
Uherské Hradiště
Uherský Ostroh
Újezdec
Vážany
Velehrad
Zlámanec
Zlechov
Bánov
Bojkovice
Březová
Bystřice pod Lopeníkem
Dolní Němčí
Drslavice
Horní Němčí
Hostětín
Hradčovice
Komňa
Korytná
Lopeník
Nezdenice
Nivnice
Pašovice
Pitín
Prakšice
Rudice
Slavkov
Starý Hrozenkov
Strání
Suchá Loz
Šumice
Uherský Brod
Vápenice
Veletiny
Vlčnov
Vyškovec
Záhorovice
Žítková
Brumov-Bylnice
Drnovice
Haluzice
Jestřabí
Křekov
Loučka
Návojná
Nedašov
Nedašova Lhota
Poteč
Rokytnice
Štítná nad Vláří-Popov
Študlov
Tichov
Újezd
Valašské Klobouky
Valašské Příkazy
Vlachova Lhota
Vlachovice
Vysoké Pole
Branky
Choryně
Jarcová
Kelč
Kladeruby
Kunovice
Lešná
Loučka
Mikulůvka
Oznice
Podolí
Police
Střítež nad Bečvou
Valašské Meziříčí
Velká Lhota
Zašová
Bratřejov
Březová
Dešná
Hrobice
Jasenná
Lhotsko
Lutonina
Neubuz
Podkopná Lhota
Slušovice
Trnava
Ublo
Veselá
Vizovice
Všemina
Zádveřice-Raková
Bystřička
Francova Lhota
Halenkov
Horní Lideč
Hošťálková
Hovězí
Huslenky
Jablůnka
Janová
Karolinka
Kateřinice
Lačnov
Leskovec
Lhota u Vsetína
Lidečko
Liptál
Lužná
Malá Bystřice
Nový Hrozenkov
Pozděchov
Prlov
Pržno
Ratiboř
Růžďka
Seninka
Střelná
Ústí
Valašská Polanka
Valašská Senice
Velké Karlovice
Vsetín
Zděchov
Bohuslavice u Zlína
Březnice
Březůvky
Dobrkovice
Doubravy
Držková
Fryšták
Hostišová
Hřivínův Újezd
Hvozdná
Kaňovice
Karlovice
Kašava
Kelníky
Lhota
Lípa
Lukov
Lukoveček
Machová
Mysločovice
Ostrata
Provodov
Racková
Sazovice
Šarovy
Tečovice
Velký Ořechov
Vlčková
Zlín
Želechovice nad Dřevnicí
